113	Debugging	-47	-222	22	33	237	150	198	294	
114	Debugging	-48	-223	22	33	236	151	198	295	
115	Debugging	-48	-225	22	34	235	151	199	298	
116	Debugging	-47	-224	22	34	234	150	200	299	
117	Debugging	-45	-223	22	34	232	149	199	299	
118	Debugging	-43	-221	22	33	231	149	199	298	
119	Debugging	-40	-221	22	34	229	148	199	300	
120	Debugging	-37	-219	22	34	227	148	200	300	
121	Debugging	-35	-218	22	34	224	147	199	300	
122	Debugging	-35	-215	22	34	225	146	200	300	
123	Debugging	-34	-213	24	34	224	144	196	299	
124	Debugging	-33	-212	36	34	223	144	205	301	
125	Debugging	-35	-212	24	34	221	144	203	300	
126	Debugging	-35	-214	23	36	219	146	150	225	
127	Debugging	-37	-216	25	38	214	147	173	261	
128	Debugging	-38	-217	22	34	209	148	200	301	
129	Debugging	-39	-222	22	34	205	153	199	300	
130	Debugging	10	-228	30	34	238	159	211	301	
131	Debugging	9	-229	29	34	232	160	220	301	
132	Debugging	8	-230	22	34	226	161	198	300	
133	Debugging	8	-230	22	34	222	160	198	300	
134	Debugging	6	-230	22	34	217	160	198	299	
135	Debugging	4	-231	22	34	215	159	198	300	
136	Debugging	1	-234	22	34	214	161	199	301	
137	Debugging	0	-232	22	34	213	158	199	299	
138	Debugging	-52	-230	22	34	173	152	198	299	
139	Debugging	-54	-231	22	34	173	151	198	300	
140	Debugging	-55	-233	22	34	172	152	199	301	
141	Debugging	-57	-235	22	34	172	152	199	301	
142	Debugging	-58	-237	22	34	172	153	198	300	
143	Debugging	-57	-237	22	34	171	152	198	299	
144	Debugging	-55	-235	22	34	169	149	198	300	
145	Debugging	-53	-232	22	33	168	148	198	300	
146	Debugging	-48	-230	22	34	166	147	198	299	
147	Debugging	-45	-229	22	34	164	146	198	300	
148	Debugging	-41	-226	22	34	162	144	198	300	
149	Debugging	-38	-222	22	34	160	142	199	301	
150	Debugging	-34	-217	22	34	158	140	199	301	
151	Debugging	-32	-215	22	34	157	139	199	300	
152	Debugging	-32	-213	22	34	157	138	198	301	
153	Debugging	-33	-214	22	34	158	139	198	299	
154	Debugging	-34	-215	22	33	159	141	198	299	
155	Debugging	-36	-215	22	34	160	141	198	299	
156	Debugging	-38	-216	22	34	162	142	198	301	
157	Debugging	-40	-218	22	34	164	144	199	301	
158	Debugging	-41	-222	22	34	166	147	199	300	
159	Debugging	-43	-223	22	34	168	149	198	300	
160	Debugging	-44	-223	22	34	170	150	198	300	
161	Debugging	-44	-224	22	34	170	151	198	299	
162	Debugging	-45	-224	22	34	170	152	198	299	
163	Debugging	-45	-226	22	34	171	154	199	299	
164	Debugging	-45	-225	22	34	171	154	199	300	
165	Debugging	-44	-225	22	34	172	154	198	301	
166	Debugging	-46	-224	22	34	173	153	199	300	
167	Debugging	-46	-225	22	34	174	153	199	300	
168	Debugging	-46	-225	22	34	174	153	200	300	
169	Debugging	-46	-224	22	34	174	152	199	300	
170	Debugging	-46	-223	22	34	174	152	199	301	
171	Debugging	-46	-222	22	34	174	151	199	300	
172	Debugging	-46	-223	22	34	174	152	199	301	
173	Debugging	-46	-222	22	34	173	151	199	301	
174	Debugging	-45	-222	22	34	173	151	198	300	
175	Debugging	-44	-222	22	34	171	150	199	300	
176	Debugging	-45	-222	22	34	172	149	199	300	
177	Debugging	-45	-222	22	33	171	150	198	300	
178	Debugging	-45	-221	21	33	177	156	195	296	
179	Debugging	-42	-220	20	31	190	168	182	279	
180	Debugging	-43	-220	17	28	206	183	160	252	
181	Debugging	-44	-219	15	25	219	197	140	230	
182	Debugging	-44	-218	13	22	228	206	123	206	
183	Debugging	-44	-217	12	21	233	212	110	190	
184	Debugging	-44	-216	11	19	233	214	97	174	
185	Debugging	-45	-215	9	18	233	213	89	163	
186	Debugging	-45	-216	9	17	223	206	82	154	
187	Debugging	-47	-218	8	16	206	193	78	148	
188	Debugging	-45	-218	8	16	182	177	74	147	
189	Debugging	-45	-218	7	15	161	161	70	141	
190	Debugging	-44	-221	7	15	143	151	66	138	
191	Debugging	-43	-221	7	15	128	142	63	133	
192	Debugging	-43	-222	7	14	117	135	56	127	
193	Debugging	-42	-223	25	13	107	128	38	118	
194	Debugging	-44	-223	40	34	99	121	39	99	
195	Debugging	-44	-220	54	59	88	110	38	92	
196	Debugging	-45	-220	58	71	81	100	39	86	
197	Debugging	-46	-219	56	79	72	89	41	78	
198	Debugging	-46	-220	49	78	64	79	46	74	
199	Debugging	-46	-222	41	64	55	69	50	67	
200	Debugging	-45	-222	36	52	45	59	50	65	
201	Debugging	-45	-222	33	45	36	49	47	62	
202	Debugging	-45	-221	28	29	28	40	34	69	
203	Debugging	-45	-222	11	29	22	33	27	70	
204	Debugging	-45	-222	4	21	15	27	30	79	
205	Debugging	-44	-223	4	12	8	23	28	80	
206	Debugging	-44	-224	5	9	3	18	27	79	
207	Debugging	-44	-223	4	9	-1	14	29	82	
208	Debugging	-46	-223	3	8	-4	9	28	80	
209	Debugging	-46	-222	3	8	-8	4	28	79	
210	Debugging	-46	-224	3	8	-12	1	27	76	
211	Debugging	-45	-224	3	8	-16	-3	27	74	
212	Debugging	-46	-225	2	8	-20	-8	26	73	
213	Debugging	-46	-224	2	8	-22	-14	24	72	
214	Debugging	-46	-222	2	7	-26	-21	24	69	
215	Debugging	-46	-223	2	7	-29	-27	23	67	
216	Debugging	-46	-224	2	7	-32	-32	23	66	
217	Debugging	-46	-223	2	7	-36	-37	22	63	
218	Debugging	-46	-223	2	7	-40	-42	22	64	
219	Debugging	-46	-223	2	7	-43	-46	22	63	
220	Debugging	-46	-224	2	6	-46	-50	21	61	
221	Debugging	-46	-225	2	6	-49	-54	20	59	
222	Debugging	-46	-226	2	6	-53	-58	20	57	
223	Debugging	-46	-226	2	6	-56	-61	19	58	
224	Debugging	-45	-227	2	6	-59	-63	19	59	
225	Debugging	-45	-228	2	6	-61	-66	18	58	
226	Debugging	-45	-228	2	6	-64	-69	17	57	
227	Debugging	-45	-229	2	6	-67	-71	18	57	
228	Debugging	-45	-229	2	6	-69	-74	18	57	
229	Debugging	-45	-228	1	6	-70	-75	17	56	
230	Debugging	-45	-228	2	6	-71	-77	18	55	
231	Debugging	-45	-226	2	6	-70	-79	18	56	
232	Debugging	-45	-226	1	6	-66	-79	17	55	
