127	Debugging	-32	-209	22	34	241	178	198	299	
128	Debugging	-32	-207	22	34	239	177	199	299	
129	Debugging	-32	-207	22	34	239	175	199	300	
130	Debugging	-31	-206	26	43	240	175	191	283	
131	Debugging	-32	-208	139	102	241	173	148	244	
132	Debugging	-33	-207	283	314	242	174	220	286	
133	Debugging	-33	-207	404	483	240	174	328	357	
134	Debugging	-33	-206	460	514	240	175	369	365	
135	Debugging	-33	-208	481	516	240	177	384	364	
136	Debugging	-33	-208	491	516	240	178	392	364	
137	Debugging	-34	-206	495	514	240	184	378	361	
138	Debugging	-34	-207	480	512	241	184	374	359	
139	Debugging	-33	-208	463	506	240	185	367	352	
140	Debugging	-32	-206	403	489	301	278	324	339	
141	Debugging	-31	-209	276	376	363	374	411	537	
142	Debugging	-31	-209	175	247	427	467	357	525	
143	Debugging	-31	-207	105	171	489	558	288	457	
144	Debugging	-31	-210	52	114	551	654	243	398	
145	Debugging	-31	-213	25	72	612	742	204	356	
146	Debugging	-32	-214	23	49	673	837	211	337	
147	Debugging	-32	-214	23	38	736	930	208	325	
148	Debugging	-34	-218	23	34	737	932	204	315	
149	Debugging	-35	-219	22	34	736	931	200	308	
150	Debugging	-35	-220	22	34	734	932	199	305	
151	Debugging	-35	-219	22	34	735	931	200	303	
152	Debugging	-35	-216	22	34	737	929	199	303	
153	Debugging	-36	-215	22	34	737	927	199	300	
154	Debugging	-35	-212	22	34	736	926	199	300	
155	Debugging	-33	-210	22	34	734	924	199	300	
156	Debugging	-30	-208	22	34	732	922	199	300	
157	Debugging	-29	-205	22	34	732	920	198	299	
158	Debugging	-27	-204	22	34	731	919	198	299	
159	Debugging	-26	-204	22	33	729	920	199	299	
160	Debugging	-23	-202	22	34	727	917	198	300	
161	Debugging	-22	-200	22	34	727	917	198	298	
162	Debugging	-21	-200	22	34	728	917	198	299	
163	Debugging	-21	-201	22	33	728	919	198	298	
164	Debugging	-23	-200	22	33	730	920	197	298	
165	Debugging	-25	-201	22	34	733	921	198	298	
166	Debugging	-26	-202	22	34	733	922	198	300	
167	Debugging	-27	-202	22	33	734	921	198	298	
168	Debugging	-28	-205	22	34	736	925	198	299	
169	Debugging	-30	-206	22	33	737	926	198	298	
170	Debugging	-31	-207	22	34	738	926	198	298	
171	Debugging	-32	-93	22	33	738	925	198	298	
172	Debugging	172	239	22	33	738	925	198	298	
173	Debugging	396	575	22	33	736	924	198	298	
174	Debugging	705	913	22	33	736	924	198	298	
175	Debugging	1059	1251	22	33	737	924	198	298	
176	Debugging	1411	1588	22	33	737	924	197	298	
177	Debugging	1764	1925	22	33	737	921	198	298	
178	Debugging	2117	2263	22	33	737	921	198	298	
179	Debugging	2470	2493	22	33	737	922	198	298	
180	Debugging	2496	2389	22	34	789	1028	198	300	
181	Debugging	2357	1989	22	34	943	1332	198	299	
182	Debugging	1877	1509	22	34	1293	1669	198	299	
183	Debugging	1313	1014	22	33	1646	2005	199	299	
184	Debugging	656	462	22	34	1997	2342	198	299	
185	Debugging	-7	-165	22	33	2350	2680	197	298	
186	Debugging	-701	-795	22	34	2703	3018	198	298	
187	Debugging	-1399	-1442	22	33	3057	3355	198	299	
188	Debugging	-1978	-1998	22	33	3357	3585	197	299	
189	Debugging	-2316	-2261	22	33	3461	3619	197	297	
190	Debugging	-2446	-2362	22	34	3415	3537	199	300	
191	Debugging	-2395	-2374	22	33	3225	3376	198	298	
192	Debugging	-2159	-2315	21	32	2949	3200	191	291	
193	Debugging	-1924	-2098	19	30	2675	2938	175	269	
194	Debugging	-1608	-1875	17	27	2345	2665	155	246	
195	Debugging	-1286	-1600	15	25	2005	2343	138	226	
196	Debugging	-942	-1298	13	23	1637	2009	123	210	
197	Debugging	-690	-989	12	21	1359	1665	113	196	
198	Debugging	-391	-752	11	20	1025	1382	101	181	
199	Debugging	-230	-591	10	18	825	1173	91	167	
200	Debugging	-161	-436	9	17	708	966	82	156	
201	Debugging	-86	-366	8	16	584	842	75	146	
202	Debugging	-61	-297	7	15	513	722	68	135	
203	Debugging	-39	-268	7	14	452	650	67	132	
204	Debugging	-35	-243	7	13	415	585	63	124	
205	Debugging	-33	-226	6	13	383	530	59	119	
206	Debugging	-31	-218	6	12	358	492	56	113	
207	Debugging	-24	-210	6	12	336	459	54	112	
208	Debugging	-24	-209	5	12	318	437	52	110	
209	Debugging	-24	-208	5	11	300	414	49	105	
210	Debugging	-24	-208	5	11	285	394	46	99	
211	Debugging	-24	-205	4	10	269	376	44	97	
212	Debugging	-24	-206	4	10	253	357	42	95	
213	Debugging	-25	-204	4	10	239	338	40	92	
214	Debugging	-25	-205	4	10	225	321	38	91	
215	Debugging	-26	-205	4	10	213	306	37	89	
216	Debugging	-26	-205	4	9	200	289	36	87	
217	Debugging	-27	-203	4	9	189	276	35	85	
218	Debugging	-27	-202	3	9	179	265	34	85	
219	Debugging	-27	-201	3	9	170	255	33	83	
220	Debugging	-26	-203	3	9	160	248	31	81	
221	Debugging	-26	-204	3	9	153	239	31	80	
222	Debugging	-26	-203	3	9	146	231	30	79	
223	Debugging	-24	-202	3	8	138	222	29	77	
224	Debugging	-24	-202	3	8	132	213	28	74	
225	Debugging	-24	-202	3	8	126	204	27	72	
226	Debugging	-24	-203	3	8	119	194	27	72	
227	Debugging	-24	-200	2	7	113	183	26	70	
228	Debugging	-25	-198	2	7	108	172	25	68	
229	Debugging	-25	-198	2	7	102	163	24	66	
230	Debugging	-25	-199	2	7	97	154	23	64	
231	Debugging	-23	-199	2	7	92	147	24	64	
232	Debugging	-24	-200	4	8	86	138	27	67	
233	Debugging	-24	-200	5	8	82	131	29	68	
234	Debugging	-24	-202	5	8	76	124	31	70	
235	Debugging	-24	-202	5	8	72	119	33	70	
236	Debugging	-24	-204	5	8	69	115	33	68	
237	Debugging	-24	-205	4	8	64	110	33	67	
238	Debugging	-24	-204	4	8	60	103	32	66	
239	Debugging	-24	-206	4	8	56	99	31	65	
240	Debugging	-24	-206	3	8	53	94	27	63	
241	Debugging	-23	-206	2	7	49	89	21	59	
242	Debugging	-23	-206	2	7	47	86	19	57	
243	Debugging	-23	-206	2	6	45	82	18	58	
244	Debugging	-23	-206	2	6	42	80	19	55	
245	Debugging	-23	-205	2	6	41	77	18	54	
246	Debugging	-23	-205	2	6	40	76	18	54	
