41	1	1	7	2	1	0	1	1	
42	0	0	6	2	0	1	1	1	
43	0	0	14	2	0	0	1	1	
44	0	1	12	2	0	1	1	1	
45	0	1	9	2	1	0	1	1	
46	0	1	13	2	1	1	0	1	
47	0	1	13	4	0	0	0	1	
48	0	0	8	5	0	1	0	1	
49	0	0	9	4	0	0	1	1	
50	0	0	10	5	0	0	1	1	
51	0	0	11	4	0	0	0	1	
52	1	0	6	4	1	1	1	0	
53	1	0	7	4	1	1	1	0	
54	0	0	7	4	1	1	1	1	
55	1	0	12	3	0	1	1	1	
56	0	0	9	3	0	0	1	2	
57	0	0	16	3	1	1	1	1	
58	0	1	13	3	1	1	1	1	
59	0	1	10	4	1	0	1	1	
60	0	1	12	4	0	0	1	1	
61	0	2	22	3	0	1	1	1	
62	0	2	11	2	0	1	1	1	
63	0	2	11	2	0	1	1	1	
64	0	3	19	2	0	1	1	1	
65	1	3	11	1	1	0	0	1	
66	2	4	10	1	1	0	1	1	
67	2	3	10	2	0	0	1	1	
68	3	4	10	1	0	1	1	1	
69	2	3	9	1	0	0	1	1	
70	2	3	7	2	0	0	1	1	
71	2	3	5	1	0	1	1	1	
72	2	3	11	1	0	0	1	1	
73	2	2	18	1	0	0	1	1	
74	2	3	8	2	1	0	1	1	
75	2	3	7	2	0	0	0	1	
76	2	4	8	2	0	0	1	1	
77	2	4	7	1	0	0	1	1	
78	3	4	7	2	0	0	1	1	
79	2	3	7	2	0	0	1	1	
80	2	3	8	1	0	0	0	1	
81	3	3	20	1	0	0	1	1	
82	2	4	12	1	0	0	1	1	
83	2	3	11	1	0	1	1	1	
84	2	3	6	1	1	0	0	2	
85	3	3	6	1	0	1	1	1	
86	3	4	7	1	0	1	0	1	
87	3	4	6	0	0	1	0	1	
88	3	3	7	0	0	1	0	1	
89	2	3	10	0	1	1	0	2	
90	2	3	12	0	1	0	0	2	
91	2	3	9	1	1	1	1	1	
92	2	3	8	1	0	1	1	1	
93	2	3	6	1	1	1	2	1	
94	2	3	8	1	1	0	1	1	
95	3	2	9	1	0	0	1	2	
96	2	2	10	1	0	0	1	1	
97	2	2	9	1	0	0	1	1	
98	2	2	19	1	0	0	1	1	
99	2	2	8	1	1	1	1	1	
100	2	2	6	1	1	0	1	1	
101	2	3	7	1	1	1	0	1	
102	2	3	5	1	0	0	0	0	
103	2	2	4	0	0	1	1	1	
104	2	2	6	1	0	0	0	1	
105	2	2	15	1	0	0	1	1	
106	1	3	9	1	0	0	0	0	
107	2	2	9	1	0	0	1	1	
108	3	1	11	1	1	1	0	2	
109	3	1	16	1	1	1	0	2	
110	2	2	10	1	0	0	0	1	
111	2	2	10	0	1	0	1	1	
112	2	2	12	0	0	0	0	1	
113	2	3	7	1	0	1	0	1	
114	2	2	9	1	1	0	0	1	
115	2	1	3	1	0	0	0	0	
116	2	2	16	1	0	1	0	0	
117	1	1	9	1	0	1	0	0	
118	1	2	14	1	0	0	0	1	
119	2	2	9	0	0	0	0	1	
120	2	2	3	1	0	0	0	0	
121	1	2	12	1	0	0	0	1	
122	1	1	20	1	0	0	0	1	
123	1	3	15	1	1	1	0	0	
124	2	3	10	1	0	0	0	1	
125	1	2	7	0	0	0	1	1	
126	2	1	6	1	0	0	0	1	
127	2	1	11	1	0	0	0	1	
128	2	1	12	1	0	0	0	1	
129	2	2	6	1	0	0	0	0	
130	1	2	7	1	0	0	0	1	
131	1	2	8	0	1	0	0	1	
132	1	2	8	1	0	1	0	1	
133	1	1	8	2	1	0	0	2	
134	1	2	13	1	1	0	0	1	
135	2	2	11	0	0	1	0	1	
136	2	3	5	1	0	0	0	1	
137	2	3	6	1	1	0	1	2	
138	2	3	5	1	0	0	0	1	
139	2	3	5	1	0	1	0	0	
140	2	3	9	1	1	1	0	0	
141	1	3	13	1	0	1	1	1	
142	1	2	5	1	1	1	1	1	
143	1	3	10	1	1	1	0	1	
144	1	2	16	0	1	1	0	1	
145	2	2	14	0	0	1	0	1	
146	1	2	12	1	0	0	1	1	
147	1	3	7	1	0	1	1	1	
148	1	3	7	0	0	0	1	0	
149	1	2	7	0	1	0	1	1	
150	2	2	10	1	1	0	1	1	
151	2	2	20	1	0	1	1	0	
152	1	2	8	1	0	1	1	1	
153	1	2	10	1	0	1	1	2	
154	1	3	5	1	0	1	1	1	
155	1	3	5	1	0	1	0	0	
156	1	2	7	1	0	1	1	1	
157	2	2	6	0	1	1	1	1	
158	1	2	3	1	0	0	1	0	
159	1	3	5	1	0	0	1	0	
160	2	2	8	1	0	0	1	0	
161	1	2	7	1	0	0	1	1	
162	1	3	13	1	1	0	1	1	
163	2	2	9	1	1	1	1	1	
164	1	2	9	1	0	1	1	0	
165	1	2	6	0	0	1	1	1	
166	1	2	5	1	0	1	0	1	
167	1	2	4	1	0	0	0	2	
168	2	2	6	1	1	1	0	1	
169	2	2	13	1	1	0	0	1	
170	1	2	15	1	1	0	0	1	
171	1	2	8	1	1	1	0	1	
172	1	2	7	1	1	0	0	1	
173	2	2	6	1	0	1	0	2	
174	1	2	5	1	0	0	0	1	
175	2	2	8	1	1	0	0	0	
176	2	1	7	1	0	0	0	1	
177	3	2	5	1	0	0	0	0	
178	2	1	8	1	0	1	0	1	
179	2	2	11	1	1	0	0	1	
180	2	2	11	0	1	1	0	0	
181	2	2	13	1	1	1	0	0	
182	2	2	8	2	0	0	1	1	
183	1	2	14	1	0	0	1	1	
184	1	2	14	1	1	0	1	1	
185	1	2	11	0	1	0	1	1	
186	2	2	7	1	1	1	0	0	
187	1	1	7	1	1	0	0	0	
188	1	1	10	1	0	1	1	1	
189	2	1	14	0	0	1	0	1	
190	2	2	7	0	0	1	1	1	
191	2	1	2	1	0	1	0	2	
192	1	1	3	0	1	0	1	1	
193	2	1	8	1	0	0	1	1	
194	1	2	7	0	1	0	1	0	
195	2	1	7	1	0	1	0	1	
196	2	1	10	1	1	1	0	1	
197	1	2	8	0	1	1	0	1	
198	1	2	11	1	1	0	0	1	
199	2	2	4	1	0	0	0	0	
200	1	2	5	1	0	0	0	1	
