41	1	1	12	10	1	1	1	1	
42	1	0	5	10	1	1	1	1	
43	1	0	8	9	1	1	0	1	
44	1	1	11	9	1	1	1	1	
45	1	1	14	8	1	1	1	0	
46	1	1	15	6	1	1	1	1	
47	1	2	9	5	2	1	1	1	
48	1	4	7	4	1	1	1	1	
49	1	6	10	3	1	1	0	1	
50	2	11	11	2	1	1	1	0	
51	1	15	9	1	1	1	1	1	
52	3	16	9	1	1	1	1	1	
53	3	15	11	1	1	1	1	1	
54	3	15	14	1	1	1	1	1	
55	4	16	19	1	1	1	1	1	
56	6	15	11	1	1	1	1	1	
57	7	16	14	0	1	1	1	1	
58	8	16	16	1	1	0	0	1	
59	9	15	8	0	1	1	1	1	
60	8	13	9	1	1	1	0	0	
61	8	14	9	1	1	1	1	1	
62	7	13	7	1	1	1	1	1	
63	8	13	8	1	1	1	1	1	
64	9	13	5	1	1	1	1	1	
65	9	12	10	1	1	1	0	1	
66	9	12	4	1	1	1	0	1	
67	8	11	8	1	1	1	0	1	
68	8	10	11	1	1	1	0	1	
69	8	9	7	1	1	1	0	1	
70	8	10	9	1	1	1	1	1	
71	8	10	11	1	1	1	1	1	
72	8	10	9	1	1	1	0	1	
73	7	9	8	1	1	1	1	1	
74	7	8	10	1	1	1	0	1	
75	8	9	8	1	1	1	0	0	
76	9	9	7	1	1	1	0	1	
77	7	9	6	1	1	1	0	1	
78	6	9	7	1	1	1	0	1	
79	6	9	11	1	1	1	0	1	
80	7	10	14	0	1	1	1	1	
81	6	10	12	0	1	1	0	1	
82	5	12	9	0	1	1	1	1	
83	5	13	6	0	1	1	1	1	
84	6	13	7	1	1	1	1	1	
85	6	13	12	1	1	1	1	1	
86	5	15	10	2	1	1	1	1	
87	5	14	11	2	1	1	1	0	
88	5	14	12	1	1	1	0	1	
89	5	14	9	0	1	1	1	0	
90	6	13	8	1	1	1	1	1	
91	6	13	7	1	1	1	1	1	
92	6	13	6	1	1	1	0	1	
93	6	12	7	1	1	1	1	2	
94	5	12	5	1	1	0	1	1	
95	4	11	14	0	1	0	1	1	
96	4	10	9	0	1	1	0	1	
97	5	10	6	1	1	1	1	1	
98	5	10	9	1	1	1	1	1	
99	5	9	8	1	0	0	0	1	
100	4	9	5	1	0	1	1	1	
101	5	9	5	0	0	0	0	1	
102	4	8	5	0	1	1	0	0	
103	5	8	6	1	1	0	0	1	
104	4	7	12	1	1	0	1	1	
105	5	8	10	0	0	0	0	1	
106	4	8	11	1	0	1	1	1	
107	4	8	13	0	1	1	1	1	
108	5	7	9	1	1	1	1	1	
109	5	7	7	1	1	1	1	1	
110	5	8	12	1	1	1	0	1	
111	4	8	7	0	0	1	0	1	
112	5	8	11	0	0	0	0	1	
113	5	7	11	1	0	1	0	1	
114	5	7	7	1	0	0	1	1	
115	5	7	5	1	1	1	1	0	
116	5	7	11	1	1	0	1	1	
117	5	7	17	1	1	1	1	1	
118	6	7	8	1	1	1	1	1	
119	6	7	6	0	1	1	1	1	
120	5	6	7	1	0	1	0	1	
121	5	7	8	1	0	0	1	1	
122	6	6	13	2	0	0	1	1	
123	5	6	9	1	1	0	1	1	
124	5	7	5	0	0	1	1	1	
125	6	6	7	1	1	1	1	1	
126	5	5	10	1	1	0	1	1	
127	5	6	17	1	0	0	1	1	
128	5	6	11	1	0	1	1	1	
129	5	7	9	1	0	1	0	1	
130	5	7	5	0	0	1	0	1	
131	5	7	6	1	0	1	1	1	
132	5	6	9	1	1	1	1	1	
133	6	7	8	1	0	1	0	1	
134	5	6	5	1	0	0	1	1	
135	6	5	7	1	0	1	1	1	
136	5	5	8	1	0	0	0	1	
137	5	5	9	1	0	0	1	1	
138	5	5	13	0	0	0	1	1	
139	5	5	9	1	1	1	1	1	
140	5	5	12	1	1	0	1	1	
141	5	5	8	1	0	1	1	1	
142	4	5	10	1	0	1	0	1	
143	5	5	12	1	1	1	1	1	
144	4	5	7	1	1	0	0	1	
145	4	4	10	1	0	0	1	1	
146	4	5	12	1	1	1	1	1	
147	3	4	10	1	0	0	1	1	
148	4	4	6	0	0	1	1	1	
149	3	4	13	0	0	1	0	2	
150	3	5	17	1	0	1	1	2	
151	4	5	11	1	0	0	1	1	
152	3	5	8	1	0	1	1	1	
153	3	4	11	1	1	1	1	1	
154	2	5	15	1	1	0	1	1	
155	3	5	14	1	0	0	0	1	
156	3	4	6	1	0	0	0	1	
157	3	4	7	1	0	1	1	1	
158	2	4	10	1	0	1	1	1	
159	3	4	9	1	0	0	1	1	
160	3	3	8	1	1	0	1	1	
161	3	3	10	1	1	1	1	2	
162	3	4	3	1	0	0	0	0	
163	3	3	10	1	0	0	1	1	
164	3	4	15	1	1	1	0	1	
165	3	4	11	0	1	1	1	1	
166	3	3	14	1	1	1	1	0	
167	2	3	6	1	0	0	1	1	
168	1	3	6	1	0	1	1	1	
169	2	3	9	0	0	1	1	1	
170	2	3	10	0	0	0	0	1	
171	2	4	16	1	0	0	0	1	
172	2	3	15	1	0	0	0	1	
173	2	4	10	1	0	0	0	1	
174	2	5	7	2	1	1	0	1	
175	2	4	10	1	0	1	0	1	
176	2	3	8	0	0	0	0	0	
177	3	4	16	1	0	0	0	1	
178	3	4	16	1	1	0	0	1	
179	2	3	8	0	0	0	1	1	
180	3	3	10	1	0	0	1	0	
181	3	4	13	1	1	1	1	1	
182	4	3	14	1	0	0	0	1	
183	3	2	13	1	0	0	0	1	
184	3	4	8	0	1	1	0	1	
185	3	3	8	1	0	0	0	1	
186	2	3	8	1	0	1	1	0	
187	2	3	7	1	1	0	0	1	
188	3	4	8	0	0	0	0	1	
189	3	4	8	0	0	0	1	1	
190	3	3	11	1	1	1	0	0	
191	2	2	7	1	1	0	0	0	
192	2	2	6	1	0	0	0	0	
193	3	2	7	1	0	0	0	0	
194	2	3	14	1	0	1	0	1	
195	2	3	10	1	0	0	0	1	
196	2	3	5	1	1	0	0	0	
197	2	4	10	1	1	0	0	0	
198	2	3	10	0	0	1	0	1	
199	2	3	16	1	0	1	0	1	
200	2	2	14	1	0	0	0	1	
