41	1	1	8	0	1	1	8	10	
42	1	1	19	0	1	1	8	9	
43	2	1	14	1	1	1	8	9	
44	1	1	8	0	1	1	7	8	
45	1	1	6	0	1	1	7	8	
46	2	1	16	1	1	1	7	8	
47	2	1	8	1	1	1	8	8	
48	2	1	7	1	1	1	7	8	
49	2	1	5	0	1	0	6	8	
50	2	1	6	0	1	1	7	7	
51	2	1	7	1	1	1	6	7	
52	1	1	8	0	1	1	6	7	
53	2	1	8	1	1	1	6	7	
54	2	1	16	1	1	1	6	6	
55	2	1	11	1	1	1	6	7	
56	3	1	7	0	1	1	7	7	
57	3	1	11	0	1	1	7	6	
58	3	1	13	0	1	1	6	6	
59	5	1	12	1	1	1	6	5	
60	4	1	12	0	1	1	5	4	
61	5	1	11	1	1	1	5	5	
62	4	1	4	0	1	1	5	5	
63	4	2	5	0	1	1	6	5	
64	4	2	12	0	1	1	6	4	
65	4	2	14	1	1	1	5	4	
66	4	2	13	1	1	1	4	4	
67	5	2	11	0	1	1	4	5	
68	5	1	16	1	1	1	4	5	
69	4	2	11	1	1	1	5	2	
70	5	2	8	1	1	1	4	2	
71	5	2	5	0	1	1	4	3	
72	4	2	9	0	0	0	4	3	
73	3	2	6	1	1	1	3	3	
74	5	2	6	0	1	1	3	3	
75	5	2	10	0	1	1	3	4	
76	5	2	16	1	1	1	3	3	
77	5	2	13	0	1	1	3	2	
78	5	2	10	0	1	1	2	2	
79	4	3	8	1	1	1	3	2	
80	5	2	15	1	1	1	4	2	
81	5	2	16	0	1	0	3	2	
82	4	2	16	0	1	0	3	3	
83	4	3	9	1	0	1	2	3	
84	4	2	9	0	0	0	3	2	
85	3	2	7	0	1	1	2	1	
86	3	2	10	1	1	1	2	2	
87	3	2	11	1	1	1	2	2	
88	4	2	14	0	1	1	1	2	
89	4	2	9	0	1	1	1	1	
90	4	2	16	0	1	1	0	1	
91	5	2	20	0	1	1	1	2	
92	4	3	11	0	1	1	1	1	
93	3	3	15	0	1	1	1	1	
94	3	2	14	1	1	0	1	2	
95	3	1	9	0	1	1	1	2	
96	3	2	17	0	1	1	1	1	
97	3	2	8	1	1	1	1	1	
98	3	2	5	1	1	1	1	2	
99	3	1	5	1	1	1	1	1	
100	3	2	4	1	1	1	1	1	
101	3	2	10	0	1	1	1	1	
102	3	2	11	1	1	1	1	1	
103	4	2	8	1	1	1	1	1	
104	3	2	13	0	1	1	1	3	
105	3	2	20	0	1	1	1	3	
106	4	1	16	0	1	1	1	4	
107	4	2	11	1	1	1	1	1	
108	3	2	7	1	1	1	1	0	
109	3	2	5	0	1	1	1	1	
110	4	2	7	0	1	1	2	1	
111	4	2	7	0	1	1	1	1	
112	3	2	10	0	1	1	1	0	
113	4	2	21	0	1	1	1	1	
114	3	1	15	0	1	1	1	1	
115	4	2	8	1	1	1	1	1	
116	4	2	5	0	1	1	1	1	
117	4	2	9	0	1	1	1	1	
118	4	2	11	0	1	1	1	2	
119	3	2	5	1	1	1	2	2	
120	3	2	15	0	0	1	1	1	
121	3	2	14	1	1	1	1	1	
122	3	2	4	1	1	1	1	1	
123	3	2	6	0	1	1	1	1	
124	4	2	6	0	1	1	1	1	
125	3	2	7	1	1	1	1	1	
126	3	2	4	0	1	1	1	1	
127	3	2	5	1	1	1	1	0	
128	4	2	6	1	1	1	1	2	
129	3	1	10	0	1	1	1	1	
130	3	1	19	0	1	1	1	1	
131	3	1	13	0	0	1	1	0	
132	4	1	15	0	0	1	1	1	
133	4	2	11	0	1	1	1	0	
134	3	2	11	0	1	1	1	0	
135	3	2	5	0	1	1	1	1	
136	3	2	7	1	1	1	1	1	
137	4	2	10	1	1	1	1	1	
138	3	2	5	1	1	1	1	1	
139	4	2	10	0	1	1	1	1	
140	4	3	12	0	1	1	1	1	
141	4	2	5	0	1	1	1	0	
142	4	2	8	1	1	1	1	1	
143	4	2	9	1	1	1	1	1	
144	4	2	6	0	1	1	1	1	
145	4	2	16	1	1	1	1	1	
146	4	2	10	1	1	1	1	1	
147	3	2	6	1	1	1	1	2	
148	4	2	18	1	1	1	0	2	
149	3	2	13	0	1	1	0	1	
150	3	2	9	0	1	1	1	1	
151	3	2	7	1	1	1	1	1	
152	3	2	7	1	1	1	2	1	
153	3	1	10	1	1	1	1	1	
154	3	1	13	1	0	1	1	1	
155	3	1	12	0	1	1	1	1	
156	3	1	10	0	1	1	1	1	
157	3	1	9	1	1	1	1	1	
158	3	1	10	1	1	1	1	1	
159	2	2	5	0	1	1	1	1	
160	3	1	8	0	1	1	1	1	
161	3	2	13	1	1	1	1	1	
162	3	1	7	1	0	1	1	1	
163	4	1	4	0	1	1	1	1	
164	3	2	8	0	1	0	1	1	
165	3	1	14	1	1	1	1	1	
166	3	1	9	0	1	1	1	1	
167	3	2	7	0	1	1	1	1	
168	3	2	7	1	1	1	1	1	
169	3	2	10	0	1	1	1	1	
170	3	1	7	0	1	1	0	1	
171	3	1	10	0	1	1	0	1	
172	3	1	7	0	1	1	1	1	
173	3	2	7	0	1	1	1	0	
174	3	2	13	0	1	0	0	1	
175	4	1	12	0	1	1	1	1	
176	3	1	16	1	1	1	1	1	
177	2	1	9	1	1	1	0	1	
178	3	1	5	1	1	1	1	1	
179	3	2	16	1	1	1	1	1	
180	4	1	10	1	1	1	0	1	
181	4	1	6	0	0	1	0	1	
182	3	2	2	1	1	1	0	1	
183	4	1	5	1	1	1	1	0	
184	3	1	4	1	1	1	1	0	
185	3	1	5	0	1	1	1	1	
186	3	1	16	1	1	1	1	0	
187	3	1	13	0	1	1	1	1	
188	3	1	11	0	1	1	1	1	
189	3	2	14	0	1	1	0	1	
190	3	1	8	0	1	1	1	1	
191	4	2	9	1	1	1	1	1	
192	3	1	10	0	1	1	0	1	
193	3	1	10	0	1	1	0	1	
194	2	1	10	0	1	1	1	1	
195	3	1	12	0	1	1	1	1	
196	3	2	7	1	1	1	0	1	
197	3	1	11	1	1	1	1	1	
198	3	2	6	0	1	1	1	1	
199	3	2	7	0	1	1	1	1	
200	1	2	15	0	1	1	1	2	
