41	3	2	8	1	1	1	7	7	
42	2	2	4	0	1	1	8	7	
43	2	1	8	0	1	1	7	7	
44	3	1	8	1	1	1	6	6	
45	3	2	8	1	1	1	6	6	
46	3	2	8	0	1	1	6	5	
47	3	2	10	0	1	1	6	6	
48	3	2	17	0	1	1	6	6	
49	2	2	12	1	1	1	6	7	
50	3	2	12	1	1	1	6	7	
51	3	2	9	0	1	1	5	7	
52	3	2	7	0	1	1	6	6	
53	3	2	5	0	1	1	5	6	
54	3	2	10	0	1	1	4	5	
55	3	2	12	1	1	1	4	4	
56	3	2	11	1	1	1	5	5	
57	3	2	10	0	1	1	6	5	
58	3	2	10	1	1	1	5	5	
59	3	2	16	1	1	1	5	5	
60	3	2	10	1	1	1	5	5	
61	4	2	6	0	1	1	5	4	
62	4	1	4	1	1	1	5	4	
63	4	2	10	1	1	1	5	5	
64	3	2	14	0	1	1	4	5	
65	3	2	10	1	1	1	4	4	
66	4	2	5	0	1	1	4	4	
67	3	2	8	1	1	1	5	5	
68	3	2	8	1	1	1	4	4	
69	4	2	16	1	1	1	4	4	
70	4	2	12	0	1	1	4	3	
71	4	1	11	0	1	1	4	3	
72	4	2	6	0	1	1	4	3	
73	4	2	2	0	1	1	4	3	
74	3	2	6	0	1	1	5	3	
75	4	2	5	0	1	1	4	3	
76	4	2	11	1	1	1	4	4	
77	5	2	9	1	1	1	4	3	
78	4	2	4	1	1	1	3	2	
79	4	2	7	0	1	1	3	4	
80	4	2	5	0	1	1	3	5	
81	3	2	4	1	2	1	3	3	
82	4	2	8	0	2	1	3	2	
83	4	2	6	0	1	1	2	3	
84	4	2	7	0	1	1	3	3	
85	5	2	8	1	1	1	2	2	
86	4	2	4	0	1	1	2	1	
87	4	2	6	1	1	1	2	1	
88	4	2	8	1	1	2	3	2	
89	4	2	9	1	1	1	3	3	
90	4	2	7	1	2	1	3	2	
91	4	2	13	1	1	1	3	1	
92	4	2	11	0	1	1	3	2	
93	5	3	14	0	1	1	2	2	
94	4	2	9	0	1	1	2	3	
95	4	2	6	0	1	1	2	2	
96	3	2	6	0	1	1	2	1	
97	3	2	10	1	1	1	2	1	
98	4	2	8	1	1	1	1	1	
99	4	2	7	1	1	1	1	1	
100	4	2	9	0	1	1	1	1	
101	5	3	7	0	1	1	1	1	
102	4	2	7	0	1	1	1	3	
103	3	2	7	0	1	1	1	4	
104	3	2	9	0	1	1	2	3	
105	3	2	9	1	1	1	1	2	
106	4	2	14	0	2	1	2	2	
107	4	2	22	0	1	1	1	2	
108	4	2	16	0	1	1	1	1	
109	4	2	9	0	1	1	1	1	
110	4	2	12	0	1	1	2	1	
111	4	2	7	0	1	1	1	1	
112	4	2	9	1	1	1	1	2	
113	4	2	6	1	2	1	2	3	
114	4	2	10	1	2	1	2	2	
115	6	2	11	1	1	1	1	2	
116	5	2	13	1	1	1	1	1	
117	4	2	7	1	2	1	1	1	
118	4	2	13	1	1	1	1	1	
119	4	2	8	1	1	1	1	1	
120	3	1	6	0	1	1	2	1	
121	3	2	5	0	1	1	1	1	
122	4	2	8	0	1	1	1	1	
123	4	2	7	0	1	1	1	1	
124	3	2	10	0	1	1	1	1	
125	4	2	7	0	1	1	1	2	
126	4	3	9	0	1	1	1	2	
127	3	3	10	0	1	1	1	2	
128	4	2	12	0	1	1	1	2	
129	4	2	16	0	1	1	1	1	
130	3	2	11	1	1	1	1	1	
131	5	3	7	1	1	1	1	1	
132	4	2	7	1	1	1	1	2	
133	4	3	6	1	1	1	1	2	
134	4	2	12	0	1	1	1	2	
135	4	1	10	1	1	1	1	1	
136	4	1	6	0	1	1	1	1	
137	4	1	9	0	1	1	1	2	
138	3	1	5	0	1	1	1	1	
139	4	1	8	0	1	1	1	1	
140	3	1	5	1	1	1	1	2	
141	3	2	5	0	1	1	1	1	
142	4	1	6	0	1	1	1	1	
143	4	1	5	1	1	1	2	1	
144	4	1	4	1	1	1	1	1	
145	4	1	11	1	1	1	1	1	
146	4	1	6	0	1	1	1	2	
147	3	2	5	1	1	1	1	2	
148	4	2	7	1	1	1	1	2	
149	3	2	11	0	1	1	2	2	
150	3	1	14	1	1	1	1	1	
151	3	2	13	1	1	1	1	1	
152	4	1	11	1	1	1	1	2	
153	4	2	7	1	1	1	1	1	
154	5	2	8	0	1	1	1	1	
155	4	2	10	1	1	1	2	1	
156	4	1	7	0	1	1	1	1	
157	4	1	6	1	1	1	2	1	
158	4	2	9	0	1	1	2	2	
159	4	3	15	0	1	1	1	2	
160	5	2	12	0	1	1	1	1	
161	4	2	11	0	1	1	1	2	
162	4	2	11	0	1	1	1	2	
163	4	2	9	0	1	1	1	1	
164	4	2	8	0	1	1	2	1	
165	4	2	10	0	1	1	1	1	
166	4	2	5	1	1	1	1	1	
167	5	2	3	0	0	1	1	1	
168	5	2	7	1	1	1	1	1	
169	5	2	7	0	1	1	2	1	
170	5	2	10	0	1	1	1	1	
171	4	2	6	0	1	1	1	1	
172	4	2	13	0	1	1	1	1	
173	3	2	6	0	1	1	1	1	
174	4	2	11	1	1	0	1	1	
175	5	1	6	1	0	1	1	1	
176	4	2	7	1	1	1	1	1	
177	4	2	6	1	1	1	1	1	
178	4	2	8	1	1	0	1	1	
179	4	2	8	1	1	0	1	1	
180	5	2	11	1	1	1	1	1	
181	4	2	6	0	1	1	1	1	
182	4	2	4	1	0	0	1	1	
183	3	2	6	1	0	0	1	1	
184	3	2	9	1	0	0	1	1	
185	3	2	8	1	0	0	1	1	
186	3	2	12	0	0	0	1	1	
187	3	1	8	0	0	1	1	1	
188	3	1	6	0	1	1	1	1	
189	4	2	10	1	1	1	1	1	
190	4	1	7	1	0	1	1	1	
191	4	2	4	1	0	1	1	1	
192	3	1	6	0	0	1	1	1	
193	4	1	7	0	1	1	1	1	
194	3	2	10	0	0	1	1	1	
195	3	2	4	0	0	1	1	1	
196	3	2	6	1	0	1	1	1	
197	4	2	7	1	0	1	1	1	
198	3	2	9	1	1	1	1	1	
199	4	3	7	1	0	1	1	1	
200	4	3	7	1	1	0	1	1	
201	4	2	7	1	0	0	1	1	
202	4	1	6	1	0	1	1	2	
203	4	1	4	1	0	0	1	1	
204	3	1	5	1	1	0	1	1	
205	4	1	8	1	0	1	1	1	
206	4	2	13	1	1	1	1	1	
207	3	2	11	1	0	0	1	1	
208	3	1	6	1	0	0	1	2	
209	3	1	4	1	0	0	1	1	
210	3	2	6	0	0	1	0	1	
211	4	2	7	1	0	1	0	1	
212	3	2	12	1	0	1	1	1	
213	3	1	8	1	0	0	1	1	
214	3	2	8	0	0	0	0	1	
215	3	2	9	1	0	0	1	1	
216	3	2	11	1	0	1	1	1	
217	3	2	8	0	0	0	1	2	
218	4	2	6	0	1	0	0	1	
219	3	2	7	1	1	0	0	0	
220	3	2	12	1	1	1	1	0	
