41	61	19	11	1	1	0	1	1	
42	58	24	16	0	1	1	1	1	
43	52	36	5	1	0	1	0	1	
44	44	55	8	1	1	1	1	0	
45	35	84	8	1	1	1	1	1	
46	25	99	8	1	1	1	0	1	
47	18	102	5	1	0	1	0	2	
48	11	98	10	1	0	0	0	1	
49	12	93	9	1	0	0	1	1	
50	16	88	8	1	0	0	0	1	
51	17	90	7	1	0	0	1	1	
52	18	103	9	1	0	1	1	1	
53	20	113	13	1	0	0	0	1	
54	21	121	11	1	0	0	0	1	
55	22	126	12	1	0	0	0	1	
56	21	121	7	1	0	0	0	1	
57	21	111	6	1	0	1	0	1	
58	20	105	8	1	0	1	0	1	
59	19	103	7	1	0	1	0	1	
60	19	100	9	1	1	1	0	1	
61	18	96	7	1	0	1	0	1	
62	18	93	7	1	0	1	0	1	
63	17	87	6	0	1	0	0	1	
64	17	87	6	0	1	0	0	1	
65	17	87	6	0	1	0	0	1	
66	17	87	6	0	1	0	0	1	
67	14	79	8	1	0	0	0	1	
68	14	78	19	1	1	1	0	0	
69	15	74	15	1	1	1	0	0	
70	14	73	8	1	1	0	1	0	
71	14	72	6	1	0	0	0	0	
72	14	69	6	1	0	0	1	0	
73	16	67	15	1	0	0	0	1	
74	16	66	10	1	1	0	1	1	
75	17	65	5	1	1	0	0	1	
76	19	65	13	1	1	0	0	1	
77	20	63	7	1	0	0	0	1	
78	21	60	8	1	1	0	0	1	
79	23	58	12	1	0	1	0	1	
80	24	57	13	1	0	0	0	1	
81	24	55	9	1	0	0	0	1	
82	24	54	5	1	1	0	0	1	
83	23	51	11	1	0	0	0	0	
84	23	50	14	1	1	0	0	2	
85	21	49	9	1	0	1	1	1	
86	20	47	6	1	0	1	1	0	
87	18	45	6	1	1	1	1	0	
88	17	44	6	1	0	1	1	0	
89	17	43	9	1	0	0	1	1	
90	16	42	9	1	0	1	1	1	
91	16	40	8	1	0	0	1	1	
92	15	39	9	1	0	0	1	0	
93	15	37	10	1	0	1	1	1	
94	16	35	8	1	1	0	1	2	
95	16	35	8	1	0	0	1	1	
96	16	34	7	1	0	0	1	1	
97	16	32	9	1	0	1	0	2	
98	16	31	14	1	1	1	0	1	
99	15	31	12	1	1	1	0	1	
100	15	30	9	1	0	0	0	0	
101	16	28	8	1	0	1	0	0	
102	15	27	8	1	0	0	0	1	
103	14	27	7	1	1	1	0	1	
104	14	26	15	1	1	0	0	1	
105	14	25	6	1	0	0	0	1	
106	14	24	12	1	0	0	0	1	
107	14	25	16	1	0	1	0	1	
108	14	23	5	1	0	1	0	1	
109	13	22	10	1	1	0	0	1	
110	12	22	12	1	1	1	1	1	
111	13	21	3	0	0	0	0	1	
112	13	21	11	1	0	0	0	0	
113	12	20	6	1	0	0	0	1	
114	12	20	2	1	0	1	0	1	
115	12	19	5	1	0	0	0	1	
116	12	18	5	1	0	0	0	0	
117	13	18	5	1	0	1	0	1	
118	12	17	9	1	0	0	0	1	
119	11	17	10	1	0	0	1	0	
120	12	17	7	1	0	1	1	1	
121	12	17	6	0	0	1	1	1	
122	11	16	11	1	1	1	1	1	
123	10	15	13	1	1	1	1	1	
124	10	14	17	0	0	0	1	1	
125	10	15	7	0	0	0	1	0	
126	10	15	13	1	1	0	1	1	
127	10	14	13	1	1	1	1	2	
128	10	14	10	1	0	1	1	1	
129	10	14	8	1	0	0	1	1	
130	11	14	6	1	1	0	1	2	
131	10	13	12	1	1	0	1	1	
132	9	13	12	1	1	1	1	1	
133	9	13	6	1	0	1	1	1	
134	9	12	6	1	0	1	0	1	
135	9	12	13	1	1	1	0	1	
136	9	11	12	1	0	1	0	1	
137	9	11	6	0	0	0	0	1	
138	8	10	8	1	0	0	0	1	
139	8	10	10	1	0	0	0	1	
140	9	10	14	1	1	0	0	1	
141	9	10	10	1	1	0	0	1	
142	8	11	14	1	1	1	0	0	
143	8	11	14	1	0	0	0	1	
144	7	11	7	1	0	1	1	1	
145	8	10	15	1	0	0	0	0	
146	8	10	11	0	0	0	0	1	
147	8	10	5	1	0	0	0	2	
148	8	9	13	1	0	0	0	1	
149	8	9	10	1	0	0	0	1	
150	8	8	9	0	0	0	0	1	
151	7	8	9	1	0	0	0	1	
152	7	8	13	1	0	0	0	1	
153	7	8	16	0	1	0	0	1	
154	7	8	17	0	0	0	0	0	
155	7	9	16	1	0	0	0	0	
156	7	7	10	1	0	0	0	1	
157	7	8	12	1	1	1	0	1	
158	7	8	12	1	0	1	1	1	
159	6	7	12	1	0	0	0	0	
160	6	7	8	0	0	1	0	1	
161	7	7	12	1	0	1	0	1	
162	7	8	8	1	1	1	0	0	
163	6	8	8	1	1	1	0	0	
164	6	7	6	1	1	0	1	0	
165	5	7	8	1	0	0	0	0	
166	6	7	8	0	1	0	0	1	
167	6	7	11	1	1	1	1	1	
168	6	7	8	1	0	1	1	0	
169	6	6	4	0	0	1	0	0	
170	7	5	6	1	0	0	0	1	
171	6	5	15	1	0	0	0	1	
172	6	7	12	1	0	1	0	1	
173	6	6	11	1	0	1	0	0	
174	6	6	5	0	1	1	0	1	
175	6	5	10	0	1	1	0	0	
176	6	6	12	1	1	0	0	0	
177	5	6	9	0	1	0	0	1	
178	5	6	9	0	1	1	0	1	
179	5	6	9	0	1	1	0	0	
180	5	5	8	1	1	0	0	1	
181	5	5	6	1	0	1	0	0	
182	5	5	7	1	0	1	1	1	
183	5	6	5	1	0	0	1	1	
184	5	5	6	0	0	0	0	1	
185	5	5	6	0	0	1	0	0	
186	5	5	10	1	1	0	0	1	
187	5	6	12	1	1	1	0	1	
188	5	6	17	0	1	1	0	1	
189	4	6	11	0	1	1	0	0	
190	5	5	8	0	1	0	0	0	
191	5	5	6	0	1	0	0	0	
192	5	5	11	1	1	0	0	0	
193	5	4	12	0	1	0	0	1	
194	5	5	5	0	1	0	0	1	
195	5	6	4	1	0	0	0	1	
196	5	6	5	1	0	1	0	1	
197	5	5	9	0	0	0	0	1	
198	5	5	7	1	1	0	0	1	
199	4	5	18	1	1	0	0	1	
200	4	4	12	1	1	1	0	1	
