216	Debugging	711	1001	338	408	270	230	371	456	
217	Debugging	710	1000	419	494	270	231	428	508	
218	Debugging	709	1001	468	511	270	230	472	513	
219	Debugging	709	1007	490	513	269	232	488	512	
220	Debugging	707	1012	496	511	269	233	491	512	
221	Debugging	707	1007	495	513	269	233	490	510	
222	Debugging	709	1010	493	513	268	233	487	510	
223	Debugging	710	999	471	494	268	234	461	489	
224	Debugging	709	1003	390	417	269	232	364	397	
225	Debugging	711	995	239	322	271	230	202	303	
226	Debugging	712	1004	156	235	271	228	139	215	
227	Debugging	724	1002	69	166	364	228	96	155	
228	Debugging	723	997	24	115	365	227	38	102	
229	Debugging	722	996	19	62	364	227	22	53	
230	Debugging	718	997	16	36	364	228	13	34	
231	Debugging	715	997	11	27	363	229	7	28	
232	Debugging	715	1000	9	18	363	230	4	19	
233	Debugging	712	997	23	12	363	231	63	12	
234	Debugging	709	986	23	10	364	233	47	9	
235	Debugging	697	985	10	7	272	232	3	6	
236	Debugging	697	989	8	5	271	232	2	4	
237	Debugging	698	985	8	4	271	233	1	2	
238	Debugging	702	982	7	4	270	232	1	2	
239	Debugging	704	988	7	3	269	231	1	1	
240	Debugging	706	983	7	3	267	232	1	1	
241	Debugging	707	995	7	4	264	231	1	1	
242	Debugging	711	1003	7	4	265	229	1	1	
243	Debugging	712	1001	7	4	262	230	1	1	
244	Debugging	711	999	7	4	263	230	1	1	
245	Debugging	710	1005	7	6	265	227	1	2	
246	Debugging	709	1002	7	5	267	229	1	1	
247	Debugging	708	1001	7	4	268	229	1	1	
248	Debugging	705	1001	8	4	270	228	1	1	
249	Debugging	704	1001	8	3	270	231	1	0	
250	Debugging	704	998	7	2	270	234	1	0	
251	Debugging	702	997	8	3	271	235	1	1	
252	Debugging	705	998	7	3	273	234	1	1	
253	Debugging	705	1003	8	4	274	235	1	0	
254	Debugging	704	1011	7	4	274	234	1	0	
255	Debugging	703	1013	7	4	275	233	1	0	
256	Debugging	704	1014	7	3	276	235	1	1	
257	Debugging	704	1012	7	3	277	236	1	1	
258	Debugging	702	1008	8	3	278	235	1	1	
259	Debugging	700	1007	7	4	277	236	1	1	
260	Debugging	699	1004	7	3	276	238	1	1	
261	Debugging	697	1001	7	3	277	239	1	1	
262	Debugging	697	991	7	4	276	240	1	2	
263	Debugging	695	986	7	4	276	240	1	1	
264	Debugging	693	982	7	4	276	238	1	1	
265	Debugging	695	978	7	4	276	236	1	1	
266	Debugging	697	980	7	4	274	234	1	1	
267	Debugging	698	986	7	4	273	232	1	1	
268	Debugging	701	987	7	3	271	230	1	2	
269	Debugging	704	988	7	4	268	230	1	0	
270	Debugging	706	999	7	4	265	228	1	0	
271	Debugging	710	1005	6	4	263	226	1	0	
272	Debugging	714	1005	6	4	262	224	1	0	
273	Debugging	716	1014	7	3	262	223	1	1	
274	Debugging	718	1012	7	2	264	221	1	0	
275	Debugging	716	1017	7	3	267	221	1	1	
276	Debugging	714	1013	7	4	268	223	1	1	
277	Debugging	713	1009	7	3	270	225	1	0	
278	Debugging	713	1007	7	4	272	227	1	1	
279	Debugging	710	1003	7	3	273	231	1	1	
280	Debugging	707	1007	7	4	274	233	1	1	
281	Debugging	699	995	7	4	279	240	1	1	
282	Debugging	685	971	7	6	287	251	1	1	
283	Debugging	664	931	8	8	294	271	1	2	
284	Debugging	633	882	11	10	305	291	2	2	
285	Debugging	591	815	12	15	319	308	2	2	
286	Debugging	539	735	14	17	329	321	2	3	
287	Debugging	480	651	15	18	335	331	3	4	
288	Debugging	416	563	15	19	337	339	3	3	
289	Debugging	354	471	14	19	331	338	2	4	
290	Debugging	296	396	15	18	318	331	2	3	
291	Debugging	244	324	14	18	311	313	3	3	
292	Debugging	201	267	13	16	294	291	4	3	
293	Debugging	167	226	13	17	274	271	4	4	
294	Debugging	140	190	14	16	256	254	4	3	
295	Debugging	120	160	13	14	241	239	5	2	
296	Debugging	104	133	12	14	228	224	5	2	
297	Debugging	90	116	11	14	218	214	4	2	
298	Debugging	79	98	11	13	209	206	5	2	
299	Debugging	71	84	10	13	204	198	6	2	
300	Debugging	64	76	10	13	194	189	6	2	
301	Debugging	58	66	9	13	186	182	6	2	
302	Debugging	52	61	9	12	177	174	6	3	
303	Debugging	47	54	8	13	168	170	6	4	
304	Debugging	43	48	8	13	159	162	6	4	
305	Debugging	40	43	8	12	152	154	6	4	
306	Debugging	37	39	8	12	144	146	6	4	
307	Debugging	30	34	7	11	137	137	6	4	
308	Debugging	26	30	7	11	129	128	6	4	
309	Debugging	23	26	6	10	122	119	6	5	
310	Debugging	21	20	6	10	116	111	6	5	
311	Debugging	18	15	6	9	110	106	6	5	
312	Debugging	16	9	5	9	105	98	6	4	
313	Debugging	14	2	6	8	101	90	7	5	
314	Debugging	13	2	5	8	97	82	6	5	
315	Debugging	11	0	6	8	94	74	11	9	
316	Debugging	10	-2	6	11	90	68	21	20	
317	Debugging	9	-4	7	9	87	61	30	28	
318	Debugging	8	-5	8	8	84	55	31	34	
319	Debugging	8	-10	8	12	80	50	30	36	
320	Debugging	7	-12	8	13	77	45	31	38	
321	Debugging	6	-12	8	13	74	39	33	42	
322	Debugging	6	-17	7	11	71	35	31	43	
323	Debugging	2	-18	7	11	68	30	25	37	
324	Debugging	2	-19	6	10	65	25	20	32	
325	Debugging	1	-22	4	9	62	20	15	26	
326	Debugging	1	-25	4	6	59	16	10	18	
327	Debugging	0	-27	3	4	56	11	7	11	
328	Debugging	0	-27	3	4	53	7	7	9	
329	Debugging	-1	-29	3	5	50	4	7	8	
330	Debugging	-1	-27	4	5	48	-1	7	6	
331	Debugging	-4	-28	4	5	46	-3	7	5	
332	Debugging	-4	-33	4	6	44	-5	7	5	
333	Debugging	-4	-31	4	5	42	-7	7	5	
334	Debugging	-5	-31	4	4	41	-9	7	5	
335	Debugging	-4	-33	3	4	41	-10	7	5	
