124	Debugging	702	1033	6	3	320	223	1	1	
125	Debugging	700	1033	7	4	321	223	1	1	
126	Debugging	700	1035	7	3	321	223	2	1	
127	Debugging	700	1036	7	3	321	223	2	1	
128	Debugging	698	1037	7	3	321	223	1	1	
129	Debugging	698	1041	6	2	322	224	1	1	
130	Debugging	699	1044	6	2	321	223	1	1	
131	Debugging	699	1046	6	2	321	223	1	1	
132	Debugging	699	1047	6	3	321	223	1	1	
133	Debugging	699	1049	6	3	321	221	1	1	
134	Debugging	699	1049	6	4	322	221	2	1	
135	Debugging	698	1054	49	5	323	218	22	3	
136	Debugging	701	1054	50	2	323	218	10	1	
137	Debugging	703	1054	7	2	319	221	2	1	
138	Debugging	703	1050	7	3	316	223	1	1	
139	Debugging	702	1055	7	4	312	227	1	1	
140	Debugging	702	1054	7	3	308	230	1	1	
141	Debugging	702	1045	21	3	306	233	58	4	
142	Debugging	703	1041	12	1	303	234	26	1	
143	Debugging	702	1037	4	3	301	236	2	1	
144	Debugging	700	1041	6	3	300	236	1	1	
145	Debugging	698	1040	7	4	302	234	1	1	
146	Debugging	698	1042	6	2	304	234	1	1	
147	Debugging	701	1040	6	2	303	234	1	1	
148	Debugging	699	1034	6	3	303	233	1	1	
149	Debugging	700	1039	8	3	302	233	1	1	
150	Debugging	699	1040	8	4	302	236	1	1	
151	Debugging	701	1038	8	4	303	236	1	1	
152	Debugging	700	1037	7	3	302	236	1	1	
153	Debugging	699	1038	6	2	302	235	1	1	
154	Debugging	700	1032	6	3	303	234	1	1	
155	Debugging	698	1036	7	3	304	229	1	1	
156	Debugging	699	1043	7	3	304	229	1	1	
157	Debugging	700	1043	7	3	304	230	1	1	
158	Debugging	700	1040	7	3	304	230	1	1	
159	Debugging	698	1044	7	4	302	231	1	1	
160	Debugging	699	1040	7	4	301	233	2	1	
161	Debugging	698	1039	7	4	301	233	2	2	
162	Debugging	698	1045	6	4	301	234	1	1	
163	Debugging	698	1042	6	3	300	238	2	1	
164	Debugging	698	1036	6	3	302	237	2	2	
165	Debugging	698	1035	7	4	303	235	2	2	
166	Debugging	699	1039	7	4	303	235	2	3	
167	Debugging	700	1043	7	4	303	235	2	2	
168	Debugging	703	1045	6	4	302	234	2	2	
169	Debugging	702	1041	7	4	301	236	1	1	
170	Debugging	702	1046	7	3	300	237	1	1	
171	Debugging	701	1043	7	3	300	237	1	1	
172	Debugging	702	1050	6	4	300	236	1	1	
173	Debugging	702	1055	6	4	299	237	1	1	
174	Debugging	701	1053	6	3	300	236	1	1	
175	Debugging	700	1050	7	3	302	235	1	1	
176	Debugging	700	1056	8	3	302	235	1	1	
177	Debugging	703	1053	7	4	301	235	1	2	
178	Debugging	702	1045	7	4	301	235	1	0	
179	Debugging	703	1040	6	3	300	236	1	1	
180	Debugging	702	1038	6	4	298	236	1	1	
181	Debugging	704	1038	7	2	298	235	1	1	
182	Debugging	703	1041	7	3	297	235	1	1	
183	Debugging	704	1043	6	3	297	234	1	1	
184	Debugging	705	1037	7	1	298	233	1	2	
185	Debugging	705	1043	6	2	299	230	1	1	
186	Debugging	704	1043	48	11	299	231	61	14	
187	Debugging	703	1051	129	92	299	232	146	124	
188	Debugging	697	1047	241	298	302	233	273	361	
189	Debugging	685	1023	386	464	308	246	409	495	
190	Debugging	670	982	461	498	315	262	464	499	
191	Debugging	638	925	476	495	326	284	472	492	
192	Debugging	592	856	479	487	339	308	471	489	
193	Debugging	542	774	471	480	350	327	460	486	
194	Debugging	487	693	448	472	359	340	433	479	
195	Debugging	426	593	373	447	365	350	344	449	
196	Debugging	364	503	284	359	364	357	256	334	
197	Debugging	306	422	159	248	355	352	120	234	
198	Debugging	250	356	67	148	342	339	49	133	
199	Debugging	206	302	44	75	324	323	36	58	
200	Debugging	173	262	24	40	303	304	14	33	
201	Debugging	144	226	15	28	284	286	5	27	
202	Debugging	121	194	13	19	266	270	3	15	
203	Debugging	101	171	14	15	251	256	2	9	
204	Debugging	87	146	12	14	240	242	2	6	
205	Debugging	74	125	11	14	230	231	1	5	
206	Debugging	62	110	11	16	221	220	1	4	
207	Debugging	53	99	10	15	212	207	1	2	
208	Debugging	46	85	10	13	203	195	1	2	
209	Debugging	39	75	9	12	193	186	1	2	
210	Debugging	34	65	9	12	183	176	1	2	
211	Debugging	30	57	9	12	174	166	1	2	
212	Debugging	25	50	8	12	165	158	1	2	
213	Debugging	22	44	7	11	156	149	1	1	
214	Debugging	18	38	8	11	148	141	1	1	
215	Debugging	15	31	7	11	141	132	1	2	
216	Debugging	13	29	6	8	136	124	1	1	
217	Debugging	10	27	6	8	130	116	1	1	
218	Debugging	8	20	5	8	125	110	0	1	
219	Debugging	6	19	6	8	120	105	1	1	
220	Debugging	4	14	6	7	116	97	0	1	
221	Debugging	2	13	5	6	112	92	0	2	
222	Debugging	1	10	5	6	108	86	0	1	
223	Debugging	0	10	5	6	105	80	0	1	
224	Debugging	0	6	4	7	101	74	0	1	
225	Debugging	-1	3	4	7	96	68	0	1	
226	Debugging	-1	4	4	5	93	63	0	2	
227	Debugging	-2	0	4	5	90	57	0	3	
228	Debugging	-2	0	4	5	86	52	0	1	
229	Debugging	-3	-2	4	5	83	47	0	1	
230	Debugging	-4	-5	4	5	80	43	0	1	
231	Debugging	-4	-12	4	4	76	38	0	1	
232	Debugging	-5	-12	3	5	73	34	0	1	
233	Debugging	-5	-13	3	5	70	29	0	1	
234	Debugging	-6	-14	2	4	67	25	1	2	
235	Debugging	-7	-15	1	5	65	21	0	2	
236	Debugging	-7	-14	2	4	62	17	0	1	
237	Debugging	-8	-15	2	4	60	13	0	0	
238	Debugging	-7	-15	2	3	57	11	0	0	
239	Debugging	-8	-12	2	3	55	8	0	1	
240	Debugging	-9	-11	2	4	54	6	0	1	
241	Debugging	-9	-10	2	4	53	5	0	1	
242	Debugging	-9	-17	3	4	52	3	0	1	
243	Debugging	-8	-17	2	5	51	3	0	1	
