161	Debugging	711	988	7	3	-61	-151	1	0	
162	Debugging	713	993	6	3	-61	-151	1	0	
163	Debugging	714	987	6	3	-61	-150	1	0	
164	Debugging	717	980	7	3	-59	-152	1	0	
165	Debugging	719	974	7	2	-59	-153	1	0	
166	Debugging	720	965	6	2	-59	-153	1	1	
167	Debugging	720	964	7	3	-59	-154	1	1	
168	Debugging	720	970	7	3	-59	-153	1	1	
169	Debugging	718	979	7	3	-60	-155	1	1	
170	Debugging	718	977	7	2	-61	-154	1	0	
171	Debugging	734	982	11	4	46	-135	16	3	
172	Debugging	735	983	14	5	46	-135	27	5	
173	Debugging	736	984	6	4	46	-135	2	1	
174	Debugging	736	986	4	2	45	-135	1	1	
175	Debugging	735	999	4	2	43	-136	1	1	
176	Debugging	733	989	6	2	41	-134	1	1	
177	Debugging	735	991	7	3	38	-132	1	0	
178	Debugging	734	1005	30	7	52	-119	15	3	
179	Debugging	716	1008	32	7	-59	-135	13	3	
180	Debugging	714	1017	8	1	-62	-132	1	1	
181	Debugging	714	1015	7	3	-64	-131	1	1	
182	Debugging	713	1026	7	3	-65	-131	1	1	
183	Debugging	712	1021	7	3	-65	-131	1	0	
184	Debugging	713	1027	7	3	-63	-133	1	1	
185	Debugging	714	1018	7	3	-62	-134	1	0	
186	Debugging	715	1004	6	4	-78	-146	1	0	
187	Debugging	716	999	7	3	-78	-146	1	0	
188	Debugging	714	992	7	3	-78	-146	1	1	
189	Debugging	712	999	7	3	-79	-145	1	1	
190	Debugging	713	993	7	4	-80	-144	1	0	
191	Debugging	713	993	7	3	-80	-143	1	0	
192	Debugging	711	987	7	4	-80	-143	1	0	
193	Debugging	712	988	7	4	-80	-143	1	1	
194	Debugging	712	990	7	2	-79	-147	1	0	
195	Debugging	711	985	7	2	-78	-148	1	0	
196	Debugging	714	990	7	4	-78	-148	1	1	
197	Debugging	716	983	7	4	-78	-148	1	0	
198	Debugging	716	981	6	4	-78	-148	1	0	
199	Debugging	717	976	6	3	-79	-147	1	0	
200	Debugging	719	982	7	3	-80	-146	1	0	
201	Debugging	719	981	6	3	-81	-146	1	0	
202	Debugging	718	989	7	3	-81	-143	1	0	
203	Debugging	718	998	7	4	-81	-143	1	0	
204	Debugging	716	994	7	4	-79	-144	1	0	
205	Debugging	714	1002	7	3	-78	-146	1	0	
206	Debugging	711	1007	9	3	-78	-146	4	0	
207	Debugging	711	1008	100	75	-79	-146	125	103	
208	Debugging	711	1011	241	318	-79	-146	280	387	
209	Debugging	708	1017	349	500	-80	-145	372	536	
210	Debugging	710	1013	460	555	-81	-144	487	562	
211	Debugging	712	1012	508	562	-81	-143	522	563	
212	Debugging	712	1013	528	561	-81	-144	538	562	
213	Debugging	714	1009	536	561	-81	-144	543	564	
214	Debugging	717	1004	538	562	-80	-145	544	564	
215	Debugging	716	1003	528	560	-79	-147	532	560	
216	Debugging	716	1001	488	539	-79	-147	482	531	
217	Debugging	718	994	358	483	-79	-147	328	468	
218	Debugging	715	998	209	351	-79	-146	184	321	
219	Debugging	712	996	113	237	-80	-146	97	212	
220	Debugging	713	997	62	167	-81	-144	55	151	
221	Debugging	711	1000	42	103	-81	-144	41	89	
222	Debugging	711	999	24	63	-81	-143	24	56	
223	Debugging	711	1008	15	44	-81	-143	17	40	
224	Debugging	710	1003	10	34	-80	-145	11	31	
225	Debugging	708	1011	7	25	-78	-146	7	23	
226	Debugging	700	993	6	19	-78	-145	5	18	
227	Debugging	678	953	8	17	-77	-142	3	13	
228	Debugging	634	895	10	18	-75	-139	2	8	
229	Debugging	585	823	11	19	-74	-133	2	8	
230	Debugging	528	746	13	20	-72	-127	2	5	
231	Debugging	466	658	15	19	-70	-121	2	4	
232	Debugging	400	570	14	18	-67	-115	2	3	
233	Debugging	334	468	14	17	-64	-108	2	3	
234	Debugging	272	381	14	16	-60	-104	2	2	
235	Debugging	223	314	14	15	-57	-102	2	2	
236	Debugging	194	260	13	15	-53	-99	2	2	
237	Debugging	168	225	14	15	-52	-97	2	2	
238	Debugging	147	198	14	15	-51	-97	2	2	
239	Debugging	129	170	12	13	-50	-96	2	2	
240	Debugging	115	149	12	12	-50	-94	2	2	
241	Debugging	105	129	12	12	-47	-95	3	2	
242	Debugging	94	113	12	12	-47	-94	3	2	
243	Debugging	86	99	11	12	-47	-94	4	2	
244	Debugging	79	94	11	11	-43	-96	3	1	
245	Debugging	72	82	11	11	-42	-96	4	2	
246	Debugging	66	73	10	11	-42	-96	4	2	
247	Debugging	61	63	8	11	-42	-97	4	1	
248	Debugging	56	60	8	11	-41	-96	4	2	
249	Debugging	50	59	8	11	-37	-96	5	2	
250	Debugging	46	55	8	10	-37	-97	5	2	
251	Debugging	43	51	7	9	-37	-97	5	2	
252	Debugging	37	45	7	8	-35	-97	4	3	
253	Debugging	35	43	7	8	-35	-96	4	3	
254	Debugging	34	35	7	7	-35	-97	4	2	
255	Debugging	32	30	6	7	-35	-97	4	3	
256	Debugging	31	27	5	6	-34	-95	5	3	
257	Debugging	30	24	7	6	-34	-96	5	3	
258	Debugging	29	21	6	6	-34	-97	5	3	
259	Debugging	27	15	5	6	-34	-98	5	3	
260	Debugging	26	13	4	5	-32	-99	5	3	
261	Debugging	25	9	5	5	-32	-98	5	3	
262	Debugging	24	9	6	6	-31	-98	5	3	
263	Debugging	23	9	5	7	-31	-100	5	2	
264	Debugging	22	7	5	6	-30	-100	5	3	
265	Debugging	20	2	4	7	-29	-99	5	3	
266	Debugging	20	1	4	4	-29	-99	6	3	
267	Debugging	20	1	4	5	-29	-99	6	3	
268	Debugging	19	-2	4	5	-29	-100	6	3	
269	Debugging	18	-4	4	5	-29	-99	6	4	
270	Debugging	18	-5	5	6	-29	-100	6	4	
271	Debugging	18	-7	4	5	-29	-100	6	3	
272	Debugging	17	-8	4	4	-28	-100	7	4	
273	Debugging	17	-10	4	4	-27	-101	7	4	
274	Debugging	16	-10	4	4	-27	-102	7	4	
275	Debugging	15	-8	3	3	-27	-102	7	4	
276	Debugging	15	-7	4	3	-24	-102	7	4	
277	Debugging	14	-6	4	4	-25	-102	7	4	
278	Debugging	14	-7	4	5	-25	-103	7	4	
279	Debugging	13	-7	4	4	-25	-102	7	4	
280	Debugging	14	-7	4	3	-28	-102	7	4	
