41	1	1	10	1	1	1	9	10	
42	0	0	8	1	1	1	9	10	
43	0	0	5	1	1	1	9	11	
44	0	1	6	1	1	1	10	13	
45	0	0	3	1	1	1	9	10	
46	0	0	5	1	0	0	9	10	
47	0	0	11	1	0	0	8	8	
48	1	0	11	1	1	1	8	9	
49	1	1	7	1	1	1	8	9	
50	0	0	13	1	0	1	8	7	
51	0	0	14	1	0	1	8	9	
52	1	0	13	1	1	1	8	10	
53	2	0	15	1	0	0	8	8	
54	3	0	12	1	0	1	8	8	
55	4	0	11	1	0	0	7	7	
56	3	0	12	1	1	1	8	6	
57	4	1	11	1	0	0	8	6	
58	4	0	13	1	0	0	8	6	
59	4	1	10	1	1	1	8	7	
60	4	1	5	1	0	1	7	7	
61	4	1	7	1	0	1	6	7	
62	5	1	7	1	0	0	6	6	
63	5	2	4	1	1	0	5	5	
64	5	2	6	1	0	1	5	4	
65	6	2	9	1	0	0	5	4	
66	5	2	6	1	1	0	5	5	
67	5	1	5	1	1	0	4	6	
68	5	1	5	1	0	0	4	5	
69	6	1	9	1	0	0	5	4	
70	6	1	10	1	1	0	4	3	
71	6	2	9	1	0	1	4	4	
72	6	2	10	1	0	1	4	4	
73	5	1	6	0	0	0	3	3	
74	4	1	13	1	0	1	3	2	
75	5	2	16	1	1	1	3	2	
76	5	2	8	1	0	0	2	2	
77	5	2	8	1	0	1	1	3	
78	5	2	11	1	0	1	1	3	
79	4	2	8	1	0	1	1	3	
80	4	2	9	1	1	1	2	3	
81	4	2	7	1	0	0	1	2	
82	4	2	10	1	1	1	1	2	
83	4	2	12	1	1	0	1	2	
84	4	2	13	1	1	1	1	1	
85	4	1	12	0	1	0	1	1	
86	4	2	6	1	1	0	1	1	
87	3	2	4	0	1	0	1	1	
88	4	1	8	0	1	1	1	3	
89	3	2	19	1	1	0	1	3	
90	4	2	22	1	0	0	1	2	
91	4	1	10	1	0	0	1	1	
92	4	1	6	1	1	0	1	1	
93	3	1	6	1	0	0	1	2	
94	3	2	6	0	0	0	0	1	
95	3	1	4	0	1	1	1	1	
96	4	1	6	1	1	1	1	1	
97	4	2	10	1	0	0	1	1	
98	4	2	9	1	0	1	1	1	
99	3	1	8	1	0	1	1	1	
100	3	1	12	1	0	0	1	2	
101	3	1	11	0	0	0	1	2	
102	3	1	7	0	0	0	1	2	
103	4	1	4	1	0	0	1	1	
104	4	2	6	1	0	1	1	2	
105	4	2	5	0	0	0	1	2	
106	4	1	6	1	1	0	2	1	
107	4	1	8	1	1	1	2	1	
108	3	1	11	1	1	0	2	1	
109	3	1	10	0	0	0	2	0	
110	4	1	9	1	0	1	2	1	
111	4	1	11	1	1	1	2	1	
112	4	1	12	1	1	1	1	1	
113	4	2	4	1	1	0	1	1	
114	5	2	7	1	0	0	1	1	
115	4	2	11	0	1	0	0	0	
116	3	1	9	1	0	0	1	1	
117	3	1	9	1	0	0	2	1	
118	3	2	11	0	1	0	2	1	
119	3	3	11	0	0	0	1	1	
120	3	3	9	0	1	0	1	1	
121	3	2	6	1	0	0	1	2	
122	3	2	5	1	0	0	1	1	
123	3	2	3	1	0	0	1	1	
124	3	2	9	1	1	1	1	1	
125	4	2	6	0	0	0	1	1	
126	4	2	6	1	1	0	1	2	
127	4	2	13	0	0	1	1	2	
128	4	2	12	0	1	0	1	1	
129	4	3	5	1	1	0	0	1	
130	4	2	8	0	1	1	0	1	
131	3	2	6	1	1	1	1	1	
132	4	2	4	1	1	0	1	0	
133	4	1	9	0	1	1	2	1	
134	4	1	7	0	1	1	2	1	
135	4	2	7	0	1	0	2	1	
136	4	1	11	1	1	0	2	0	
137	4	2	8	1	1	0	2	1	
138	3	2	8	0	0	1	2	1	
139	4	2	6	0	1	1	2	0	
140	4	2	9	1	1	1	2	1	
141	3	2	17	0	1	1	1	1	
142	4	2	13	1	1	1	1	1	
143	3	1	8	1	1	1	1	1	
144	3	1	10	0	0	1	1	0	
145	3	2	10	1	1	0	2	1	
146	4	2	7	1	1	1	1	0	
147	4	1	6	1	1	1	1	1	
148	4	2	14	1	1	1	2	1	
149	4	2	13	0	1	0	1	0	
150	4	2	8	0	1	1	1	1	
151	4	2	6	1	0	1	1	1	
152	4	2	8	1	1	1	1	2	
153	4	2	13	1	1	1	1	2	
154	4	1	7	1	1	1	1	1	
155	4	2	4	0	1	1	1	1	
156	4	2	10	1	1	1	1	1	
157	4	2	9	1	1	1	0	1	
158	4	2	8	1	1	1	1	0	
159	5	3	10	1	1	1	0	1	
160	5	3	11	0	1	1	0	0	
161	5	2	12	1	1	1	1	1	
162	4	3	9	1	1	1	1	1	
163	4	2	7	1	1	1	1	1	
164	4	2	8	1	1	1	1	1	
165	4	3	5	1	1	1	1	1	
166	5	2	11	1	1	1	1	1	
167	5	2	5	1	1	1	1	1	
168	5	2	6	0	1	1	1	1	
169	5	2	8	0	1	1	1	1	
170	4	2	6	1	1	1	1	1	
171	5	2	14	0	1	0	1	1	
172	4	2	14	0	1	1	1	1	
173	4	1	12	0	1	1	1	2	
174	4	1	3	1	1	1	1	1	
175	4	2	6	1	1	1	1	1	
176	5	2	14	1	1	1	1	1	
177	5	2	10	0	1	1	1	1	
178	5	2	9	0	1	1	1	0	
179	5	2	5	1	1	1	1	1	
180	4	2	6	1	1	1	1	1	
181	3	2	7	0	1	1	1	1	
182	3	2	12	1	1	1	1	2	
183	4	2	9	0	1	1	1	1	
184	4	1	8	0	1	1	1	2	
185	4	2	11	1	1	1	1	1	
186	4	2	7	0	1	1	1	1	
187	4	2	3	1	1	1	1	1	
188	4	2	8	1	1	1	1	1	
189	4	1	9	0	1	1	1	1	
190	4	2	10	0	1	1	1	1	
191	5	2	7	0	1	1	0	1	
192	4	2	9	0	1	1	1	1	
193	4	2	17	0	1	1	1	1	
194	4	2	9	0	1	1	0	1	
195	4	2	10	1	1	1	1	1	
196	3	2	9	0	1	1	1	1	
197	3	2	4	0	1	1	0	0	
198	4	1	6	0	1	1	1	1	
199	4	1	5	0	1	1	1	1	
200	4	2	8	1	1	1	1	1	
