150	Debugging	-59	-236	22	34	301	216	199	299	
151	Debugging	-60	-237	22	34	300	216	199	301	
152	Debugging	-61	-231	22	33	300	211	199	298	
153	Debugging	-62	-232	22	33	300	211	199	298	
154	Debugging	-62	-232	22	33	300	212	199	298	
155	Debugging	-63	-234	22	34	300	214	199	297	
156	Debugging	-63	-233	22	33	300	213	199	297	
157	Debugging	-63	-233	22	33	300	213	199	296	
158	Debugging	-64	-234	22	33	300	213	200	298	
159	Debugging	-64	-233	23	34	301	213	201	300	
160	Debugging	26	-245	22	33	307	222	201	299	
161	Debugging	27	-244	22	34	307	222	200	299	
162	Debugging	26	-243	23	34	308	223	201	300	
163	Debugging	26	-241	26	39	308	221	158	240	
164	Debugging	25	-242	26	39	309	221	190	287	
165	Debugging	25	-242	22	33	308	222	199	299	
166	Debugging	25	-244	22	33	308	223	198	297	
167	Debugging	-43	-245	25	33	388	224	213	298	
168	Debugging	-134	-240	29	34	382	218	234	298	
169	Debugging	-135	-242	23	34	382	219	197	297	
170	Debugging	-134	-242	23	34	382	219	199	299	
171	Debugging	-134	-243	22	33	382	219	198	297	
172	Debugging	-133	-240	22	33	381	219	199	297	
173	Debugging	-133	-237	22	33	382	216	199	297	
174	Debugging	-133	-236	22	33	382	215	199	298	
175	Debugging	-64	-236	22	33	302	215	198	299	
176	Debugging	-64	-236	22	33	303	216	197	298	
177	Debugging	-64	-235	22	33	304	214	199	298	
178	Debugging	-64	-234	22	34	303	214	199	298	
179	Debugging	-64	-234	22	33	303	213	199	298	
180	Debugging	-63	-235	22	33	304	212	198	297	
181	Debugging	-63	-239	22	33	302	217	198	298	
182	Debugging	-63	-238	22	33	302	215	198	297	
183	Debugging	-63	-238	26	33	302	215	202	298	
184	Debugging	-61	-238	50	58	301	215	229	337	
185	Debugging	-60	-238	198	195	300	215	360	416	
186	Debugging	-60	-239	348	334	300	215	472	509	
187	Debugging	-60	-238	404	394	300	215	512	552	
188	Debugging	-60	-239	419	405	300	217	518	552	
189	Debugging	-60	-238	421	404	300	216	519	553	
190	Debugging	-59	-239	422	403	300	217	520	552	
191	Debugging	-59	-239	422	405	300	216	519	551	
192	Debugging	-60	-238	421	404	301	216	519	551	
193	Debugging	-59	-238	384	400	300	216	471	545	
194	Debugging	-59	-238	322	351	301	216	408	487	
195	Debugging	-59	-240	248	263	301	218	330	395	
196	Debugging	-58	-239	141	186	299	217	229	339	
197	Debugging	-58	-239	75	118	300	217	214	325	
198	Debugging	-59	-239	41	90	300	216	205	322	
199	Debugging	-59	-239	28	66	300	216	204	310	
200	Debugging	-58	-240	23	43	300	217	200	306	
201	Debugging	-58	-241	23	35	300	218	200	302	
202	Debugging	-59	-239	22	34	300	217	199	301	
203	Debugging	-59	-238	22	34	301	216	199	298	
204	Debugging	-58	-241	22	34	301	218	197	297	
205	Debugging	-59	-239	22	33	301	218	198	298	
206	Debugging	-59	-239	22	33	301	218	199	298	
207	Debugging	-59	-238	22	34	301	218	199	300	
208	Debugging	-60	-239	22	33	301	218	197	298	
209	Debugging	-60	-239	22	33	301	218	198	295	
210	Debugging	-60	-239	22	34	301	218	199	298	
211	Debugging	-60	-238	22	33	301	218	199	298	
212	Debugging	-60	-238	22	33	301	216	197	297	
213	Debugging	-60	-240	22	33	303	215	198	296	
214	Debugging	-60	-241	22	33	304	218	199	298	
215	Debugging	-59	-242	21	32	313	227	193	290	
216	Debugging	-58	-241	19	30	325	242	176	268	
217	Debugging	-58	-240	17	27	339	256	154	242	
218	Debugging	-57	-240	15	24	349	266	135	220	
219	Debugging	-57	-239	13	22	356	273	121	200	
220	Debugging	-57	-237	11	20	357	277	107	184	
221	Debugging	-57	-235	10	19	354	278	96	170	
222	Debugging	-57	-233	9	18	348	277	88	159	
223	Debugging	-56	-234	9	16	332	265	81	149	
224	Debugging	-57	-232	8	15	313	244	74	140	
225	Debugging	-57	-232	8	14	291	226	71	130	
226	Debugging	-58	-233	7	14	272	210	67	126	
227	Debugging	-58	-234	7	13	254	196	64	121	
228	Debugging	-58	-236	6	13	240	186	60	118	
229	Debugging	-58	-234	6	12	230	174	56	113	
230	Debugging	-58	-235	6	12	220	165	53	110	
231	Debugging	-59	-238	5	11	210	157	51	105	
232	Debugging	-58	-239	5	11	199	147	49	102	
233	Debugging	-58	-239	5	11	188	139	46	100	
234	Debugging	-57	-237	5	11	178	129	44	96	
235	Debugging	-57	-238	4	10	168	120	43	94	
236	Debugging	-57	-236	4	10	157	108	41	92	
237	Debugging	-57	-238	4	10	149	100	39	90	
238	Debugging	-56	-237	4	10	141	91	37	89	
239	Debugging	-57	-234	4	9	133	82	36	86	
240	Debugging	-56	-237	3	9	127	77	35	84	
241	Debugging	-57	-236	3	9	122	70	34	80	
242	Debugging	-57	-240	3	9	117	66	34	80	
243	Debugging	-58	-239	3	8	112	60	32	79	
244	Debugging	-57	-238	3	8	108	55	31	76	
245	Debugging	-58	-239	3	8	104	51	30	76	
246	Debugging	-58	-239	3	8	100	46	29	74	
247	Debugging	-58	-238	3	8	96	41	29	72	
248	Debugging	-59	-236	3	8	92	36	28	70	
249	Debugging	-58	-236	3	7	87	31	27	69	
250	Debugging	-58	-235	3	7	83	24	27	66	
251	Debugging	-58	-235	2	7	80	19	25	65	
252	Debugging	-58	-236	2	7	76	14	24	63	
253	Debugging	-58	-235	2	7	72	10	23	62	
254	Debugging	-58	-235	2	7	69	6	23	61	
255	Debugging	-58	-235	2	6	65	2	22	60	
256	Debugging	-58	-235	2	6	63	-1	21	58	
257	Debugging	-57	-236	2	6	59	-4	21	58	
258	Debugging	-57	-237	2	6	56	-7	21	58	
259	Debugging	-57	-237	2	6	53	-10	20	56	
260	Debugging	-57	-236	2	6	51	-13	19	56	
261	Debugging	-57	-236	2	6	48	-17	19	55	
262	Debugging	-57	-237	2	6	46	-19	19	55	
263	Debugging	-57	-236	2	6	44	-22	18	54	
264	Debugging	-57	-236	2	6	42	-23	17	53	
265	Debugging	-57	-235	2	6	41	-25	17	53	
266	Debugging	-57	-235	1	6	39	-26	17	53	
267	Debugging	-57	-235	1	6	38	-27	17	54	
268	Debugging	-58	-235	2	6	38	-28	17	54	
269	Debugging	-58	-235	2	6	37	-28	17	54	
