41	31	0	9	1	0	0	51	35	
42	32	0	5	1	1	0	47	38	
43	33	1	10	1	0	0	43	38	
44	47	2	10	1	0	0	39	37	
45	74	6	6	1	0	1	33	36	
46	95	9	10	1	1	1	27	36	
47	99	11	14	1	1	0	23	33	
48	96	13	19	1	1	0	21	29	
49	92	14	7	1	0	1	18	26	
50	87	15	6	1	1	1	14	16	
51	85	15	9	1	1	1	12	10	
52	87	16	7	1	1	1	11	1	
53	82	16	13	1	1	1	11	2	
54	74	15	15	1	1	1	8	3	
55	76	16	6	1	1	1	7	2	
56	78	15	5	1	1	0	6	2	
57	79	15	8	1	1	1	5	0	
58	80	14	6	1	1	0	5	1	
59	81	15	9	1	1	1	4	1	
60	82	15	10	1	1	1	4	1	
61	80	14	8	2	1	1	4	2	
62	78	12	8	1	1	1	3	2	
63	77	12	10	1	1	1	3	1	
64	75	12	10	1	1	0	3	1	
65	74	12	7	1	1	1	3	1	
66	69	11	10	1	1	1	2	1	
67	64	11	18	1	1	1	2	1	
68	62	11	17	1	1	1	2	1	
69	61	10	11	1	1	1	1	1	
70	58	10	7	1	1	1	2	1	
71	57	9	7	1	1	1	2	1	
72	57	10	11	1	1	1	1	1	
73	56	11	15	1	1	1	1	1	
74	55	12	10	1	1	1	2	1	
75	53	12	5	1	1	1	2	1	
76	52	12	4	1	1	1	2	0	
77	50	11	6	1	1	1	2	0	
78	49	11	11	1	1	1	2	1	
79	48	10	15	1	1	1	2	1	
80	47	8	10	1	1	1	2	1	
81	46	8	8	1	1	1	2	1	
82	45	9	11	1	1	1	2	1	
83	43	8	21	1	1	1	2	0	
84	43	8	11	1	1	1	2	1	
85	41	9	8	1	1	1	2	1	
86	39	8	10	1	1	1	2	1	
87	38	8	10	1	1	1	1	1	
88	38	9	8	1	1	1	1	1	
89	38	10	5	1	1	1	1	1	
90	36	10	2	1	1	1	0	2	
91	36	9	7	0	1	1	1	2	
92	35	8	11	0	1	1	2	1	
93	34	8	21	1	1	1	2	1	
94	33	8	14	1	1	1	1	1	
95	33	8	14	1	1	1	1	1	
96	32	9	12	1	1	2	1	1	
97	33	9	8	1	1	1	0	1	
98	32	9	8	1	1	1	0	1	
99	31	9	7	1	1	1	1	1	
100	30	8	11	1	1	1	1	1	
101	29	8	9	1	2	1	1	1	
102	29	8	11	1	1	1	0	0	
103	28	9	10	1	1	1	0	1	
104	29	9	11	1	1	1	1	1	
105	29	9	5	0	1	1	1	2	
106	27	9	8	1	1	1	0	1	
107	26	10	9	1	1	1	1	1	
108	25	10	9	1	1	1	1	1	
109	25	8	8	1	1	1	0	1	
110	25	9	14	0	1	1	0	0	
111	25	9	9	1	1	1	1	1	
112	24	9	7	1	1	1	0	1	
113	24	10	8	0	1	1	0	1	
114	24	9	7	0	1	1	0	0	
115	23	9	9	0	1	1	0	1	
116	22	9	5	0	1	1	0	1	
117	21	9	8	0	1	1	0	1	
118	21	8	11	0	1	1	0	1	
119	20	8	13	0	1	1	0	1	
120	21	9	10	0	1	1	1	1	
121	21	10	14	1	1	1	1	1	
122	20	10	9	1	1	1	0	1	
123	19	10	9	1	1	1	1	0	
124	18	9	11	1	1	1	0	0	
125	18	8	8	0	1	1	1	1	
126	19	9	10	0	2	1	1	1	
127	18	9	16	0	1	1	1	1	
128	18	9	12	0	1	1	1	0	
129	17	9	8	1	1	1	1	0	
130	17	9	6	1	1	1	1	1	
131	16	8	6	1	1	1	1	1	
132	16	8	10	1	1	1	1	1	
133	15	9	6	1	1	1	1	2	
134	15	8	6	0	1	1	1	1	
135	15	9	8	0	1	1	1	1	
136	15	9	7	0	1	1	1	1	
137	15	9	12	0	1	1	1	2	
138	14	8	14	0	1	1	0	1	
139	13	8	11	0	1	1	0	0	
140	13	8	11	0	1	1	0	0	
141	13	7	8	1	1	1	0	1	
142	13	7	10	1	2	1	1	1	
143	12	8	7	1	1	1	0	1	
144	13	8	2	1	1	1	0	1	
145	13	9	4	0	1	1	1	0	
146	13	8	11	0	1	1	1	0	
147	12	8	14	0	1	1	1	0	
148	12	7	17	1	1	1	1	0	
149	11	6	15	1	1	1	1	1	
150	10	7	11	1	1	1	1	1	
151	11	7	8	0	1	1	1	1	
152	11	8	13	0	1	1	1	1	
153	11	8	11	1	1	1	0	1	
154	11	7	9	1	1	1	1	1	
155	11	8	12	0	1	1	1	1	
156	10	7	12	0	1	1	1	1	
157	9	7	7	1	1	1	1	2	
158	9	7	7	1	1	1	1	1	
159	9	6	9	0	2	1	1	1	
160	10	6	7	0	1	1	1	1	
161	9	7	5	0	1	1	1	1	
162	9	7	7	1	1	1	1	1	
163	10	7	10	0	1	1	0	1	
164	10	7	7	0	1	1	1	1	
165	10	6	9	1	1	1	1	1	
166	9	6	11	1	1	1	1	1	
167	9	7	10	0	1	1	1	1	
168	9	7	9	1	1	1	1	1	
169	9	7	12	0	1	1	1	1	
170	9	6	12	0	2	1	1	1	
171	9	6	15	0	2	1	1	1	
172	8	6	10	0	1	1	1	1	
173	8	5	9	1	1	1	1	1	
174	7	4	9	1	1	1	1	1	
175	7	5	12	1	1	1	1	1	
176	7	6	6	0	1	1	1	1	
177	8	6	8	0	1	1	1	1	
178	8	6	9	1	1	1	1	1	
179	8	6	8	1	1	1	1	1	
180	7	5	6	0	1	2	1	1	
181	6	5	6	1	1	2	1	1	
182	6	5	6	0	1	1	1	1	
183	7	5	16	0	1	1	1	1	
184	7	6	6	1	1	1	1	1	
185	6	5	4	1	1	1	1	1	
186	7	5	12	1	1	1	1	1	
187	7	5	9	1	1	1	1	1	
188	6	4	12	1	2	1	1	1	
189	6	4	7	1	2	1	1	1	
190	6	4	12	0	2	1	1	1	
191	7	5	8	0	2	1	1	1	
192	7	5	6	1	1	1	1	1	
193	7	5	16	0	1	1	1	2	
194	7	5	17	0	1	1	1	1	
195	6	4	9	1	1	1	1	1	
196	5	5	10	0	1	1	1	1	
197	5	4	9	0	1	2	1	1	
198	5	4	10	0	1	1	1	1	
199	5	4	10	0	1	1	1	1	
200	5	4	13	0	2	1	1	1	
201	6	4	10	0	1	1	1	1	
202	6	5	9	1	1	1	1	1	
203	6	4	10	1	2	1	1	1	
204	6	4	13	0	2	1	1	1	
205	5	4	6	0	2	1	1	1	
206	5	4	1	1	2	1	1	1	
207	5	4	14	0	1	1	1	1	
208	5	3	15	0	1	1	1	1	
209	5	4	6	0	1	1	1	1	
210	5	4	8	0	1	1	1	1	
211	5	4	10	0	1	1	1	1	
212	6	3	15	1	1	1	1	1	
213	5	4	12	1	1	1	1	1	
214	5	4	9	0	1	1	1	2	
215	5	4	7	1	1	2	1	1	
216	5	4	6	0	1	1	1	1	
217	5	4	8	0	1	1	1	1	
218	5	4	11	0	1	1	1	1	
219	5	3	8	1	1	1	1	1	
220	5	3	6	0	1	1	1	1	
