128	Debugging	696	1028	26	53	-35	-125	18	52	
129	Debugging	698	1028	20	36	-36	-124	12	36	
130	Debugging	699	1024	15	23	-37	-123	8	24	
131	Debugging	702	1023	13	17	-37	-122	5	20	
132	Debugging	703	1013	10	12	-37	-123	3	15	
133	Debugging	704	1000	10	10	-38	-123	2	12	
134	Debugging	707	985	8	7	-37	-124	2	10	
135	Debugging	711	973	8	5	-36	-125	1	8	
136	Debugging	713	962	8	3	-36	-125	1	5	
137	Debugging	714	965	7	2	-36	-125	1	4	
138	Debugging	770	965	14	3	-20	-124	8	4	
139	Debugging	767	963	78	9	-21	-111	22	4	
140	Debugging	768	968	23	2	-22	-110	3	3	
141	Debugging	769	975	2	1	-22	-110	1	2	
142	Debugging	771	977	4	1	-22	-109	1	2	
143	Debugging	771	979	5	1	-22	-109	1	1	
144	Debugging	769	986	6	1	-21	-111	1	1	
145	Debugging	787	1002	15	2	75	-109	12	3	
146	Debugging	730	1001	56	6	59	-96	39	6	
147	Debugging	733	995	9	5	59	-108	5	3	
148	Debugging	733	999	5	3	59	-109	1	1	
149	Debugging	732	997	6	4	58	-107	1	1	
150	Debugging	732	996	7	3	57	-106	1	0	
151	Debugging	731	993	7	3	57	-106	1	1	
152	Debugging	732	996	7	2	57	-106	1	0	
153	Debugging	711	974	6	3	-37	-108	1	1	
154	Debugging	712	972	7	3	-36	-123	1	0	
155	Debugging	711	970	7	3	-35	-124	1	0	
156	Debugging	710	960	6	3	-35	-123	1	1	
157	Debugging	710	956	6	3	-36	-124	1	1	
158	Debugging	710	966	7	3	-36	-124	1	0	
159	Debugging	709	973	6	4	-38	-123	1	0	
160	Debugging	711	968	7	4	-39	-122	1	0	
161	Debugging	713	964	7	3	-39	-123	1	1	
162	Debugging	717	958	7	3	-39	-123	1	2	
163	Debugging	716	967	6	2	-39	-123	1	2	
164	Debugging	716	967	6	3	-38	-124	1	3	
165	Debugging	715	976	7	3	-36	-125	1	3	
166	Debugging	712	974	7	3	-36	-125	1	1	
167	Debugging	717	973	7	3	-37	-124	1	1	
168	Debugging	713	974	7	2	-36	-124	1	1	
169	Debugging	713	975	7	2	-37	-122	1	1	
170	Debugging	711	981	7	2	-39	-121	1	1	
171	Debugging	710	977	7	3	-39	-122	1	0	
172	Debugging	711	981	7	4	-38	-122	1	0	
173	Debugging	713	979	7	4	-38	-122	1	0	
174	Debugging	716	975	7	4	-37	-124	1	0	
175	Debugging	715	973	6	3	-35	-126	1	1	
176	Debugging	718	971	6	3	-35	-127	1	1	
177	Debugging	718	970	7	3	-35	-128	1	1	
178	Debugging	720	976	7	2	-35	-128	1	0	
179	Debugging	723	972	7	3	-36	-126	1	0	
180	Debugging	723	973	7	3	-37	-125	1	1	
181	Debugging	724	969	7	3	-37	-125	1	1	
182	Debugging	723	968	6	3	-37	-124	1	0	
183	Debugging	723	967	7	3	-37	-124	1	0	
184	Debugging	724	965	7	3	-36	-123	1	0	
185	Debugging	724	968	7	3	-35	-124	1	0	
186	Debugging	725	959	6	4	-35	-125	1	1	
187	Debugging	723	968	6	4	-35	-126	1	0	
188	Debugging	722	967	6	3	-35	-125	1	0	
189	Debugging	721	969	7	3	-36	-124	1	1	
190	Debugging	721	969	7	3	-37	-123	1	1	
191	Debugging	721	968	7	3	-37	-123	1	0	
192	Debugging	721	968	7	3	-37	-123	1	0	
193	Debugging	715	960	7	3	-37	-123	1	0	
194	Debugging	692	929	8	5	-33	-124	1	1	
195	Debugging	659	883	10	8	-29	-124	1	2	
196	Debugging	612	819	11	12	-24	-124	2	3	
197	Debugging	556	744	13	14	-19	-122	2	3	
198	Debugging	495	661	14	16	-13	-122	2	2	
199	Debugging	431	580	15	16	-8	-124	2	3	
200	Debugging	362	488	15	15	-4	-122	2	3	
201	Debugging	295	398	15	15	1	-120	2	2	
202	Debugging	246	330	14	15	4	-118	2	2	
203	Debugging	204	264	14	13	7	-115	2	2	
204	Debugging	173	220	14	13	9	-115	2	2	
205	Debugging	149	182	13	13	11	-114	2	2	
206	Debugging	130	152	13	13	11	-113	2	2	
207	Debugging	119	126	13	13	11	-107	2	2	
208	Debugging	105	108	13	12	12	-106	1	1	
209	Debugging	93	94	12	12	10	-104	1	1	
210	Debugging	88	79	11	12	9	-103	1	2	
211	Debugging	81	73	10	11	8	-102	1	1	
212	Debugging	74	64	9	10	7	-102	2	2	
213	Debugging	68	54	15	7	5	-101	14	7	
214	Debugging	63	53	23	5	4	-101	31	16	
215	Debugging	56	47	28	9	6	-101	44	28	
216	Debugging	53	40	32	16	5	-100	54	49	
217	Debugging	49	34	30	18	4	-99	56	59	
218	Debugging	44	28	30	20	5	-99	58	65	
219	Debugging	41	30	27	18	3	-98	58	69	
220	Debugging	39	21	26	17	2	-95	54	69	
221	Debugging	37	19	22	17	1	-94	50	67	
222	Debugging	35	16	16	15	0	-93	38	58	
223	Debugging	31	12	14	9	1	-93	27	46	
224	Debugging	29	10	12	5	0	-93	15	32	
225	Debugging	28	8	8	3	0	-94	11	24	
226	Debugging	24	7	6	5	3	-94	8	18	
227	Debugging	23	2	6	5	2	-92	5	14	
228	Debugging	22	4	5	5	1	-94	3	11	
229	Debugging	21	2	5	4	0	-94	3	8	
230	Debugging	20	3	5	3	0	-93	3	7	
231	Debugging	21	0	6	4	0	-93	4	5	
232	Debugging	20	0	5	5	-1	-93	4	4	
233	Debugging	19	-1	4	5	-1	-93	4	3	
234	Debugging	16	-3	4	6	0	-93	4	4	
235	Debugging	16	-5	5	5	0	-92	4	2	
236	Debugging	15	-6	4	5	0	-92	5	2	
237	Debugging	15	-10	4	4	0	-93	5	2	
238	Debugging	15	-7	3	4	-1	-96	5	3	
239	Debugging	11	-4	4	4	2	-96	5	3	
240	Debugging	10	-5	3	3	2	-96	5	2	
241	Debugging	10	-7	3	3	2	-95	5	3	
242	Debugging	11	-8	3	4	2	-95	6	3	
243	Debugging	11	-7	3	3	1	-95	6	3	
244	Debugging	11	-8	3	3	1	-95	6	3	
245	Debugging	10	-7	4	4	1	-95	6	3	
246	Debugging	10	-15	3	4	2	-89	6	2	
247	Debugging	9	-16	4	4	2	-90	6	3	
