138	Debugging	727	982	7	2	282	239	1	1	
139	Debugging	725	981	7	3	280	242	1	1	
140	Debugging	725	980	7	3	278	244	1	1	
141	Debugging	726	973	7	4	278	244	1	3	
142	Debugging	726	980	7	5	278	243	1	2	
143	Debugging	726	979	7	5	277	244	1	1	
144	Debugging	727	981	7	3	278	242	1	1	
145	Debugging	725	985	6	4	280	242	1	1	
146	Debugging	726	977	7	4	280	242	1	1	
147	Debugging	728	978	36	4	280	242	44	1	
148	Debugging	722	977	129	106	284	242	169	147	
149	Debugging	722	977	312	352	283	243	345	409	
150	Debugging	721	976	398	487	281	246	422	504	
151	Debugging	724	970	452	511	281	245	465	509	
152	Debugging	725	971	477	513	281	245	483	510	
153	Debugging	725	964	488	512	281	244	492	510	
154	Debugging	726	967	491	509	281	243	494	506	
155	Debugging	727	966	496	510	283	247	489	507	
156	Debugging	730	963	510	497	279	246	448	488	
157	Debugging	729	969	434	456	279	245	419	441	
158	Debugging	730	964	329	373	279	244	309	348	
159	Debugging	729	966	203	265	278	246	178	239	
160	Debugging	727	967	103	188	277	248	85	167	
161	Debugging	726	966	52	109	277	249	47	94	
162	Debugging	726	963	27	75	277	248	23	68	
163	Debugging	726	970	17	47	277	242	17	38	
164	Debugging	728	974	11	30	278	241	10	27	
165	Debugging	729	974	8	21	279	243	5	18	
166	Debugging	730	974	7	17	279	242	3	14	
167	Debugging	728	980	6	12	279	242	2	8	
168	Debugging	729	979	6	9	279	243	2	7	
169	Debugging	729	982	6	6	278	243	1	4	
170	Debugging	729	985	6	6	277	245	1	2	
171	Debugging	728	984	6	5	277	245	1	2	
172	Debugging	728	985	7	4	277	245	1	2	
173	Debugging	728	979	7	4	277	244	1	1	
174	Debugging	726	981	7	4	278	243	1	1	
175	Debugging	725	980	7	5	279	241	1	1	
176	Debugging	727	977	7	4	278	241	1	1	
177	Debugging	727	981	6	3	278	240	1	1	
178	Debugging	727	981	7	3	278	240	1	1	
179	Debugging	727	982	8	4	277	241	1	1	
180	Debugging	728	975	7	4	276	243	1	2	
181	Debugging	728	974	7	4	277	242	1	1	
182	Debugging	728	975	6	4	277	242	1	2	
183	Debugging	729	967	7	3	277	244	1	2	
184	Debugging	729	969	7	3	279	243	1	1	
185	Debugging	729	970	6	2	280	243	1	1	
186	Debugging	730	969	7	3	280	243	1	1	
187	Debugging	729	973	6	3	281	240	1	1	
188	Debugging	729	973	7	4	281	240	1	1	
189	Debugging	728	972	7	3	280	241	1	1	
190	Debugging	729	974	7	3	279	243	1	1	
191	Debugging	727	979	7	4	279	243	1	1	
192	Debugging	727	981	6	4	280	242	1	1	
193	Debugging	727	980	6	5	280	242	1	1	
194	Debugging	727	980	6	4	281	241	1	1	
195	Debugging	727	968	7	4	282	244	1	1	
196	Debugging	726	972	7	3	282	244	1	1	
197	Debugging	726	978	7	4	282	245	1	1	
198	Debugging	727	972	7	4	282	244	1	1	
199	Debugging	729	969	7	4	281	245	1	2	
200	Debugging	728	963	7	4	280	246	1	1	
201	Debugging	726	964	7	5	279	247	1	2	
202	Debugging	725	961	7	5	281	252	2	2	
203	Debugging	711	945	8	5	288	261	2	2	
204	Debugging	687	910	8	7	302	271	2	2	
205	Debugging	650	861	10	10	319	286	3	2	
206	Debugging	601	804	12	14	337	302	3	4	
207	Debugging	543	727	15	18	349	313	3	4	
208	Debugging	481	647	15	21	358	320	3	3	
209	Debugging	415	557	15	21	362	327	3	3	
210	Debugging	346	470	15	19	361	327	2	3	
211	Debugging	284	392	14	17	352	317	3	3	
212	Debugging	230	330	13	18	335	304	3	3	
213	Debugging	187	276	14	17	316	286	4	3	
214	Debugging	154	233	14	17	295	266	5	3	
215	Debugging	130	201	14	17	283	249	5	3	
216	Debugging	109	174	13	17	268	236	5	3	
217	Debugging	93	151	12	14	255	223	6	3	
218	Debugging	78	130	11	14	244	210	5	3	
219	Debugging	68	114	10	12	234	201	6	2	
220	Debugging	59	96	10	11	224	191	6	2	
221	Debugging	51	83	11	12	214	180	6	3	
222	Debugging	46	73	10	12	204	169	7	4	
223	Debugging	40	66	10	11	196	157	6	4	
224	Debugging	35	56	10	10	187	145	6	4	
225	Debugging	30	51	8	9	177	134	7	5	
226	Debugging	26	48	7	9	169	124	6	5	
227	Debugging	23	40	7	9	162	120	6	5	
228	Debugging	20	34	7	8	155	110	6	5	
229	Debugging	17	28	7	7	150	103	6	5	
230	Debugging	15	23	7	9	144	98	6	6	
231	Debugging	8	20	7	9	140	94	7	5	
232	Debugging	7	17	6	8	135	89	7	6	
233	Debugging	4	15	6	8	132	86	7	6	
234	Debugging	3	10	5	7	128	82	6	5	
235	Debugging	2	6	6	8	125	79	6	5	
236	Debugging	1	2	5	8	121	75	7	5	
237	Debugging	0	4	6	8	117	71	7	5	
238	Debugging	0	2	5	7	113	65	7	6	
239	Debugging	-3	0	5	8	109	61	7	5	
240	Debugging	-3	0	6	8	106	55	7	5	
241	Debugging	-4	-4	5	6	102	50	7	5	
242	Debugging	-5	-8	4	6	99	45	7	5	
243	Debugging	-6	-10	4	5	96	39	7	5	
244	Debugging	-7	-12	4	6	93	34	7	6	
245	Debugging	-7	-14	4	7	90	26	7	5	
246	Debugging	-9	-18	4	6	88	21	7	5	
247	Debugging	-11	-21	5	7	85	17	7	6	
248	Debugging	-13	-22	5	6	83	13	8	6	
249	Debugging	-14	-25	4	5	80	9	9	7	
250	Debugging	-14	-25	4	5	78	5	14	13	
251	Debugging	-15	-26	5	5	75	3	19	19	
252	Debugging	-15	-25	6	5	73	1	20	19	
253	Debugging	-15	-27	5	5	71	1	18	22	
254	Debugging	-15	-27	5	5	69	0	20	26	
255	Debugging	-15	-24	6	5	68	-1	23	30	
256	Debugging	-14	-22	6	5	67	-2	22	29	
257	Debugging	-14	-20	7	3	67	-3	17	25	
