41	1	0	7	1	1	1	19	26	
42	1	0	7	1	1	0	19	25	
43	0	0	7	1	0	0	18	22	
44	1	0	4	1	0	1	18	21	
45	0	0	8	1	0	0	15	19	
46	1	0	7	1	1	1	16	18	
47	1	0	6	1	0	0	15	18	
48	4	0	12	1	1	0	14	17	
49	8	0	6	1	1	1	14	15	
50	9	0	3	1	0	0	13	13	
51	10	1	8	1	0	0	12	12	
52	10	1	8	1	1	1	11	12	
53	10	1	7	1	0	0	11	12	
54	10	2	8	1	1	0	10	11	
55	10	2	6	1	1	0	9	11	
56	11	2	6	1	0	0	8	10	
57	12	2	6	1	0	1	7	10	
58	12	3	8	1	0	0	8	9	
59	11	4	7	1	0	0	6	8	
60	11	4	8	1	0	0	4	7	
61	11	3	8	1	0	1	3	7	
62	11	3	12	1	0	0	3	7	
63	11	3	8	1	0	1	3	6	
64	11	3	8	1	0	1	4	6	
65	11	3	9	1	1	1	3	6	
66	10	4	7	1	0	1	2	5	
67	10	4	11	1	0	1	2	3	
68	10	4	8	1	1	0	3	3	
69	9	5	12	1	1	0	3	3	
70	10	4	12	1	0	0	2	4	
71	9	3	7	1	0	0	3	4	
72	8	4	14	1	0	0	2	2	
73	8	4	5	1	1	1	2	1	
74	8	3	6	1	0	1	1	2	
75	8	3	8	1	0	0	2	2	
76	8	3	6	1	0	1	1	3	
77	7	3	11	2	0	0	2	2	
78	7	3	8	1	0	0	2	3	
79	7	4	19	1	0	0	1	3	
80	7	4	15	1	0	1	1	2	
81	6	3	10	1	0	0	2	1	
82	6	3	9	1	1	0	2	2	
83	6	3	11	1	0	1	2	2	
84	7	3	6	1	1	1	2	2	
85	7	3	9	1	1	0	2	2	
86	7	3	7	1	0	0	2	1	
87	7	3	6	1	0	1	2	1	
88	7	3	14	0	0	1	1	2	
89	7	3	9	1	1	0	2	3	
90	7	3	11	1	0	0	1	2	
91	7	3	11	1	1	0	2	3	
92	7	3	9	1	1	0	2	2	
93	8	3	12	1	0	1	2	1	
94	7	2	16	1	0	0	1	1	
95	6	2	8	1	0	0	1	2	
96	6	2	15	1	0	0	1	2	
97	5	3	13	1	0	0	1	2	
98	5	3	19	1	0	0	2	2	
99	5	3	10	1	1	0	1	2	
100	6	3	10	1	1	0	1	2	
101	6	3	8	1	0	0	1	2	
102	6	3	17	1	0	0	2	1	
103	6	2	9	1	1	0	2	2	
104	6	2	9	1	1	0	2	3	
105	7	2	8	1	0	0	2	1	
106	7	3	6	1	0	0	1	2	
107	7	3	11	1	1	0	2	2	
108	7	3	25	1	0	1	2	2	
109	7	2	11	1	1	0	2	2	
110	7	3	8	1	0	0	2	1	
111	7	3	11	1	0	1	2	1	
112	7	2	11	1	1	1	1	1	
113	7	2	12	1	1	0	2	1	
114	6	2	8	1	1	0	2	1	
115	6	1	11	1	1	0	2	1	
116	6	1	12	1	1	1	1	1	
117	6	2	11	0	0	0	1	1	
118	6	2	7	0	0	1	1	1	
119	6	2	7	1	0	1	1	1	
120	7	2	10	1	0	1	1	1	
121	7	3	17	1	0	0	2	1	
122	7	3	9	1	0	0	1	1	
123	7	3	15	1	1	1	1	1	
124	7	2	7	0	0	1	1	1	
125	8	3	8	1	0	0	1	1	
126	8	3	6	1	1	1	1	1	
127	8	3	7	1	1	1	1	1	
128	7	3	9	1	0	0	1	1	
129	8	3	8	1	0	0	1	1	
130	8	2	7	1	0	0	1	1	
131	8	3	12	1	0	1	1	1	
132	7	3	20	1	1	1	2	2	
133	8	3	11	0	1	1	1	1	
134	8	3	6	0	1	1	1	0	
135	7	2	8	1	1	1	0	0	
136	7	3	13	1	1	1	1	1	
137	8	3	6	0	1	1	2	1	
138	8	3	20	1	1	1	1	0	
139	7	3	7	1	1	1	1	0	
140	7	2	5	1	1	1	1	0	
141	8	3	11	1	1	1	1	1	
142	8	3	13	0	1	1	0	1	
143	8	4	8	1	1	1	1	2	
144	8	3	5	1	1	1	1	0	
145	8	2	9	0	1	1	1	1	
146	8	3	15	1	1	1	0	1	
147	8	3	6	0	1	1	0	1	
148	8	3	4	1	1	2	0	1	
149	8	3	8	1	1	1	1	1	
150	8	4	14	0	1	1	1	0	
151	8	4	12	1	1	1	1	1	
152	8	4	17	1	1	1	0	0	
153	7	4	10	1	1	1	0	0	
154	7	4	13	1	1	1	0	1	
155	7	2	8	1	1	1	0	0	
156	7	3	6	0	1	1	0	1	
157	7	3	7	0	2	1	0	2	
158	7	4	11	0	1	1	0	1	
159	7	3	11	0	1	1	0	1	
160	7	3	10	0	1	1	0	0	
161	7	3	9	1	1	1	0	1	
162	7	3	13	1	1	2	0	1	
163	6	3	7	1	1	1	0	1	
164	7	3	11	1	1	1	0	1	
165	7	3	9	0	1	1	1	1	
166	8	4	7	1	1	1	1	1	
167	7	4	17	1	1	1	1	1	
168	6	4	9	1	1	1	1	1	
169	6	4	4	1	1	1	1	1	
170	7	3	6	1	1	1	1	1	
171	7	3	10	1	1	1	1	0	
172	6	3	7	1	1	1	1	1	
173	6	3	6	0	1	1	1	1	
174	7	4	4	1	1	2	1	1	
175	7	3	5	0	1	1	1	1	
176	6	3	12	0	1	1	1	0	
177	6	3	8	1	1	1	1	0	
178	6	2	5	1	1	1	1	1	
179	6	3	8	0	1	1	1	0	
180	6	3	10	1	1	1	1	1	
181	6	3	5	0	1	1	1	0	
182	6	3	6	0	1	1	1	1	
183	6	4	5	0	1	1	1	2	
184	6	3	9	0	1	1	1	1	
185	6	3	9	1	1	1	1	1	
186	5	3	12	0	1	1	0	2	
187	5	3	13	0	1	2	0	1	
188	5	2	20	1	1	1	1	0	
189	6	3	10	1	1	1	0	1	
190	6	4	10	1	1	1	0	1	
191	6	3	10	0	1	1	0	1	
192	5	3	10	0	1	1	0	2	
193	5	3	12	1	1	1	1	1	
194	4	3	14	1	1	1	1	1	
195	6	3	11	1	1	1	1	1	
196	6	3	7	0	1	1	1	1	
197	5	2	7	1	1	1	1	1	
198	6	3	9	1	1	1	1	1	
199	6	3	12	0	1	1	0	2	
200	5	3	5	0	1	1	1	2	
201	4	3	4	0	1	1	1	0	
202	4	2	8	0	2	1	0	1	
203	5	3	10	1	1	1	0	0	
204	5	3	14	0	1	1	1	1	
205	5	2	12	1	1	1	1	2	
206	6	3	10	1	1	1	0	1	
207	6	3	8	0	1	2	1	1	
208	5	3	12	0	1	1	0	1	
209	4	2	8	0	1	1	0	1	
210	4	2	10	0	1	1	1	1	
211	4	2	7	0	1	1	1	0	
212	4	2	16	0	1	1	1	1	
213	4	2	10	0	1	1	1	1	
214	5	2	10	0	1	1	1	1	
215	5	3	12	1	1	1	1	1	
216	5	3	10	1	1	1	1	1	
217	4	3	11	0	1	1	1	0	
218	4	3	5	1	1	1	1	1	
219	4	3	15	1	1	1	1	1	
220	4	2	17	1	1	1	1	1	
