131	Debugging	693	1010	7	4	275	217	2	1	
132	Debugging	694	1003	6	4	275	219	2	2	
133	Debugging	694	1006	7	3	276	218	2	2	
134	Debugging	696	1004	8	4	277	216	2	1	
135	Debugging	695	1005	7	3	278	216	2	2	
136	Debugging	692	1011	7	3	280	215	2	1	
137	Debugging	691	1007	7	4	279	218	2	1	
138	Debugging	691	1002	7	2	279	216	2	1	
139	Debugging	691	1004	7	3	277	217	2	2	
140	Debugging	691	1012	7	3	276	219	2	2	
141	Debugging	689	1010	7	4	275	221	2	1	
142	Debugging	688	1009	7	4	272	221	3	2	
143	Debugging	688	1008	7	3	272	221	2	2	
144	Debugging	690	1004	6	2	273	220	2	2	
145	Debugging	691	1009	3	2	276	215	2	1	
146	Debugging	691	1010	6	4	279	213	3	2	
147	Debugging	691	1007	6	3	281	212	2	2	
148	Debugging	691	1005	7	3	282	211	2	1	
149	Debugging	692	1010	6	4	283	209	3	2	
150	Debugging	692	1009	6	3	286	209	3	2	
151	Debugging	693	1007	7	2	290	208	3	2	
152	Debugging	692	1012	7	4	290	207	3	2	
153	Debugging	692	1011	7	5	289	207	2	2	
154	Debugging	691	1017	7	4	290	207	2	2	
155	Debugging	691	1019	8	4	291	206	2	3	
156	Debugging	692	1015	8	3	290	207	2	2	
157	Debugging	692	1017	7	3	290	206	2	2	
158	Debugging	692	1022	7	3	287	206	2	2	
159	Debugging	693	1025	7	4	285	207	2	2	
160	Debugging	691	1019	7	3	284	209	2	2	
161	Debugging	692	1023	7	4	283	209	2	2	
162	Debugging	693	1026	7	3	281	209	2	2	
163	Debugging	692	1025	6	3	281	210	2	1	
164	Debugging	690	1026	7	3	281	208	2	1	
165	Debugging	690	1028	8	3	282	208	2	1	
166	Debugging	691	1026	8	3	282	207	2	2	
167	Debugging	690	1019	7	2	281	208	2	2	
168	Debugging	691	1023	7	2	281	207	2	2	
169	Debugging	689	1024	7	3	280	208	2	1	
170	Debugging	689	1015	7	5	279	210	2	2	
171	Debugging	688	1012	6	3	278	208	2	2	
172	Debugging	690	1016	10	20	277	207	9	27	
173	Debugging	691	1010	77	109	277	206	103	129	
174	Debugging	691	1007	272	276	278	204	326	325	
175	Debugging	689	1013	400	454	279	202	424	485	
176	Debugging	688	1009	464	510	278	202	475	512	
177	Debugging	691	1007	486	515	277	204	491	512	
178	Debugging	691	1010	495	515	276	203	497	512	
179	Debugging	691	1009	497	514	275	206	499	511	
180	Debugging	690	1013	498	515	274	202	499	512	
181	Debugging	690	1012	483	516	273	204	474	512	
182	Debugging	687	1014	409	502	275	204	390	494	
183	Debugging	688	1013	294	397	273	205	267	368	
184	Debugging	688	1015	153	285	273	204	124	259	
185	Debugging	686	1011	75	183	276	201	64	157	
186	Debugging	685	1012	44	102	276	202	45	85	
187	Debugging	686	1017	27	67	276	202	28	61	
188	Debugging	685	1009	14	51	277	206	14	48	
189	Debugging	684	1013	10	37	276	206	11	34	
190	Debugging	685	1011	7	25	274	207	5	21	
191	Debugging	684	1010	7	17	275	206	4	14	
192	Debugging	686	1007	7	12	275	206	3	9	
193	Debugging	686	1007	6	10	276	206	2	6	
194	Debugging	687	1006	6	7	277	205	1	3	
195	Debugging	675	983	7	7	286	211	1	3	
196	Debugging	649	947	9	10	302	224	2	2	
197	Debugging	608	885	11	12	321	240	2	2	
198	Debugging	552	818	13	14	340	254	2	2	
199	Debugging	496	735	14	15	353	266	3	3	
200	Debugging	434	655	15	17	359	276	3	4	
201	Debugging	371	566	15	17	366	281	2	3	
202	Debugging	303	474	15	17	370	285	2	3	
203	Debugging	246	397	15	18	366	280	2	3	
204	Debugging	202	339	15	19	352	267	2	3	
205	Debugging	171	297	14	18	330	252	2	3	
206	Debugging	145	264	14	18	313	239	3	2	
207	Debugging	125	233	14	17	294	229	3	2	
208	Debugging	108	209	12	16	277	219	4	2	
209	Debugging	93	188	12	15	262	211	4	2	
210	Debugging	80	163	12	15	248	204	4	2	
211	Debugging	64	142	12	16	237	195	3	3	
212	Debugging	52	120	11	14	225	185	3	2	
213	Debugging	42	100	11	13	216	175	3	3	
214	Debugging	35	82	9	11	205	163	3	1	
215	Debugging	28	70	8	11	195	153	3	2	
216	Debugging	21	57	8	12	187	142	3	3	
217	Debugging	15	47	8	12	177	131	3	3	
218	Debugging	10	37	7	10	167	124	3	2	
219	Debugging	7	30	7	10	156	115	2	2	
220	Debugging	4	24	7	10	147	108	2	2	
221	Debugging	1	21	8	12	139	101	2	3	
222	Debugging	0	17	7	11	130	96	2	3	
223	Debugging	-1	12	7	10	123	92	1	3	
224	Debugging	-3	10	6	10	117	88	2	2	
225	Debugging	-5	9	6	10	112	84	2	3	
226	Debugging	-7	7	6	10	108	78	1	2	
227	Debugging	-8	4	6	9	105	73	1	2	
228	Debugging	-10	1	6	8	101	71	1	2	
229	Debugging	-11	-1	4	8	98	66	1	2	
230	Debugging	-13	-1	4	8	94	59	1	2	
231	Debugging	-14	-2	4	9	92	51	1	3	
232	Debugging	-15	-9	4	6	89	48	1	2	
233	Debugging	-16	-13	4	6	85	42	1	2	
234	Debugging	-17	-17	4	6	82	38	1	2	
235	Debugging	-16	-19	4	7	77	33	1	2	
236	Debugging	-17	-22	4	7	73	26	1	2	
237	Debugging	-18	-26	3	6	70	20	1	1	
238	Debugging	-17	-30	3	5	64	16	1	2	
239	Debugging	-18	-32	3	6	61	12	1	2	
240	Debugging	-18	-30	3	7	59	4	1	2	
241	Debugging	-19	-31	3	5	57	0	1	2	
242	Debugging	-20	-26	3	4	56	-9	1	2	
243	Debugging	-20	-27	3	5	54	-12	1	1	
244	Debugging	-20	-30	2	4	53	-13	1	1	
245	Debugging	-21	-32	3	4	52	-14	0	1	
246	Debugging	-20	-31	3	3	53	-16	0	1	
247	Debugging	-20	-32	3	5	54	-17	0	2	
248	Debugging	-22	-32	3	6	55	-19	1	1	
249	Debugging	-22	-33	3	5	54	-17	0	1	
250	Debugging	-21	-32	3	4	53	-17	0	2	
