134	Debugging	665	1024	6	3	-52	-117	1	0	
135	Debugging	663	1029	6	4	-49	-118	1	1	
136	Debugging	665	1019	6	4	-48	-118	1	1	
137	Debugging	666	1012	6	4	-47	-119	1	1	
138	Debugging	668	1019	7	4	-47	-119	1	1	
139	Debugging	667	1028	7	5	-47	-118	1	2	
140	Debugging	669	1031	6	3	-48	-116	1	1	
141	Debugging	671	1035	7	2	-48	-116	1	1	
142	Debugging	671	1031	7	3	-48	-116	1	1	
143	Debugging	672	1021	11	6	-48	-115	12	5	
144	Debugging	673	1031	83	95	57	-105	116	122	
145	Debugging	673	1027	261	235	58	-107	318	281	
146	Debugging	672	1022	385	446	58	-107	418	492	
147	Debugging	674	1016	465	550	61	-108	484	562	
148	Debugging	673	1017	507	559	63	-110	512	564	
149	Debugging	673	1019	534	558	64	-112	535	565	
150	Debugging	676	1020	543	558	66	-113	541	566	
151	Debugging	675	1028	515	559	83	-103	539	558	
152	Debugging	674	1027	507	547	-18	-115	509	546	
153	Debugging	673	1026	466	534	-16	-116	438	540	
154	Debugging	674	1025	350	467	-12	-119	319	454	
155	Debugging	674	1028	209	351	-11	-120	174	334	
156	Debugging	675	1026	140	226	-11	-120	122	202	
157	Debugging	676	1013	84	155	-11	-118	66	146	
158	Debugging	675	1021	51	102	-11	-117	40	97	
159	Debugging	675	1026	32	64	-27	-128	22	64	
160	Debugging	677	1024	24	40	-28	-126	16	41	
161	Debugging	677	1037	17	30	-28	-126	10	31	
162	Debugging	677	1036	13	20	-28	-126	6	22	
163	Debugging	676	1034	11	16	-28	-126	4	17	
164	Debugging	675	1034	11	11	-27	-127	3	14	
165	Debugging	674	1041	9	9	-26	-128	2	11	
166	Debugging	675	1032	8	6	-26	-128	2	9	
167	Debugging	674	1029	8	4	-26	-128	1	7	
168	Debugging	674	1028	7	3	-25	-128	1	6	
169	Debugging	675	1012	8	2	-27	-123	1	4	
170	Debugging	676	1019	7	1	-28	-121	1	4	
171	Debugging	675	1013	7	1	-28	-121	1	3	
172	Debugging	677	1008	7	1	-28	-122	1	2	
173	Debugging	676	1007	7	1	-28	-122	1	2	
174	Debugging	675	1012	7	1	-27	-120	1	2	
175	Debugging	673	1004	7	2	-26	-121	1	2	
176	Debugging	672	997	6	2	-26	-121	1	1	
177	Debugging	673	1006	7	3	-26	-126	1	1	
178	Debugging	669	1008	7	3	-26	-126	1	2	
179	Debugging	669	1010	7	3	-27	-124	1	1	
180	Debugging	669	1011	7	3	-29	-122	1	1	
181	Debugging	669	1011	5	4	-28	-123	1	1	
182	Debugging	669	1016	7	3	-28	-126	1	1	
183	Debugging	672	1015	7	3	-28	-126	1	1	
184	Debugging	671	1012	7	3	-27	-127	1	2	
185	Debugging	671	1010	6	2	-26	-128	1	1	
186	Debugging	674	1005	7	2	-26	-129	1	1	
187	Debugging	675	1014	6	3	-26	-129	1	1	
188	Debugging	674	1010	6	3	-26	-129	1	1	
189	Debugging	674	1009	6	3	-28	-127	1	0	
190	Debugging	673	1004	7	3	-29	-123	1	1	
191	Debugging	673	1002	7	2	-29	-123	1	1	
192	Debugging	675	1006	7	2	-29	-123	1	1	
193	Debugging	676	1009	7	2	-29	-123	1	1	
194	Debugging	674	1016	7	4	-28	-124	1	1	
195	Debugging	675	1009	7	4	-26	-125	1	0	
196	Debugging	675	1012	7	4	-26	-125	1	1	
197	Debugging	676	1014	7	5	-26	-125	1	1	
198	Debugging	677	1008	6	4	-26	-129	1	1	
199	Debugging	672	1005	6	3	-26	-127	1	1	
200	Debugging	651	977	7	3	-25	-125	1	1	
201	Debugging	617	914	10	8	-21	-125	1	2	
202	Debugging	575	834	11	13	-17	-125	2	2	
203	Debugging	524	755	13	16	-12	-124	2	2	
204	Debugging	464	668	14	16	-6	-122	2	2	
205	Debugging	402	568	15	16	0	-122	2	2	
206	Debugging	336	472	15	16	6	-119	2	2	
207	Debugging	272	377	15	15	11	-118	2	2	
208	Debugging	222	303	14	16	20	-116	3	2	
209	Debugging	183	258	14	15	21	-113	4	2	
210	Debugging	153	215	13	15	22	-108	4	2	
211	Debugging	129	181	12	15	22	-106	4	2	
212	Debugging	112	155	12	14	22	-105	5	2	
213	Debugging	99	134	13	14	21	-104	5	2	
214	Debugging	87	119	12	14	21	-104	5	2	
215	Debugging	76	105	11	13	21	-103	5	2	
216	Debugging	67	87	11	13	24	-103	6	2	
217	Debugging	60	71	10	14	23	-102	6	2	
218	Debugging	53	66	10	13	22	-104	6	2	
219	Debugging	46	57	10	11	21	-103	6	3	
220	Debugging	40	50	9	11	21	-98	5	4	
221	Debugging	35	45	9	11	20	-97	6	4	
222	Debugging	31	36	9	10	19	-97	6	4	
223	Debugging	27	28	8	9	18	-96	6	5	
224	Debugging	24	25	7	8	18	-96	6	5	
225	Debugging	21	19	6	8	18	-96	6	5	
226	Debugging	18	13	6	8	17	-96	6	5	
227	Debugging	16	11	7	9	17	-95	6	5	
228	Debugging	14	5	6	9	16	-93	5	5	
229	Debugging	13	1	6	7	15	-94	6	5	
230	Debugging	11	0	7	8	15	-93	7	5	
231	Debugging	10	-3	6	7	14	-93	7	5	
232	Debugging	2	-5	5	8	13	-93	7	5	
233	Debugging	1	-6	5	8	13	-93	6	5	
234	Debugging	0	-8	5	7	12	-93	6	5	
235	Debugging	-1	-8	5	6	11	-94	6	4	
236	Debugging	-1	-12	5	7	11	-94	6	4	
237	Debugging	-2	-12	5	7	10	-94	7	5	
238	Debugging	-3	-14	5	6	10	-94	7	6	
239	Debugging	-4	-12	4	6	9	-94	7	5	
240	Debugging	-6	-14	4	5	10	-94	7	5	
241	Debugging	-6	-14	3	5	10	-93	7	6	
242	Debugging	-7	-15	4	5	9	-93	7	5	
243	Debugging	-7	-18	5	5	9	-93	7	5	
244	Debugging	-8	-20	5	5	8	-93	8	5	
245	Debugging	-8	-23	4	5	8	-93	10	6	
246	Debugging	-9	-24	4	3	8	-93	11	7	
247	Debugging	-9	-24	6	4	7	-93	16	13	
248	Debugging	-9	-23	6	4	7	-94	20	19	
249	Debugging	-9	-25	6	3	7	-94	21	22	
250	Debugging	-9	-25	6	3	6	-94	21	24	
251	Debugging	-9	-24	7	4	6	-94	23	26	
252	Debugging	-9	-25	7	4	6	-93	25	30	
253	Debugging	-9	-23	6	4	5	-93	22	31	
